{"E:\\Sunrise Connect\\backend\\src\\app.js": {"path":"E:\\Sunrise Connect\\backend\\src\\app.js","statementMap":{"0":{"start":{"line":24,"column":12},"end":{"line":24,"column":21}},"1":{"start":{"line":27,"column":0},"end":{"line":27,"column":16}},"2":{"start":{"line":28,"column":0},"end":{"line":28,"column":24}},"3":{"start":{"line":29,"column":0},"end":{"line":29,"column":48}},"4":{"start":{"line":30,"column":0},"end":{"line":30,"column":22}},"5":{"start":{"line":33,"column":0},"end":{"line":36,"column":3}},"6":{"start":{"line":34,"column":2},"end":{"line":34,"column":50}},"7":{"start":{"line":35,"column":2},"end":{"line":35,"column":9}},"8":{"start":{"line":39,"column":0},"end":{"line":41,"column":3}},"9":{"start":{"line":40,"column":2},"end":{"line":40,"column":88}},"10":{"start":{"line":44,"column":11},"end":{"line":44,"column":20}},"11":{"start":{"line":45,"column":0},"end":{"line":45,"column":40}},"12":{"start":{"line":46,"column":0},"end":{"line":46,"column":42}},"13":{"start":{"line":47,"column":0},"end":{"line":47,"column":43}},"14":{"start":{"line":48,"column":0},"end":{"line":48,"column":42}},"15":{"start":{"line":49,"column":0},"end":{"line":49,"column":43}},"16":{"start":{"line":50,"column":0},"end":{"line":50,"column":45}},"17":{"start":{"line":51,"column":0},"end":{"line":51,"column":45}},"18":{"start":{"line":52,"column":0},"end":{"line":52,"column":41}},"19":{"start":{"line":53,"column":0},"end":{"line":53,"column":52}},"20":{"start":{"line":54,"column":0},"end":{"line":54,"column":51}},"21":{"start":{"line":55,"column":0},"end":{"line":55,"column":52}},"22":{"start":{"line":56,"column":0},"end":{"line":56,"column":44}},"23":{"start":{"line":59,"column":0},"end":{"line":61,"column":3}},"24":{"start":{"line":60,"column":2},"end":{"line":60,"column":75}},"25":{"start":{"line":64,"column":0},"end":{"line":64,"column":28}}},"fnMap":{"0":{"name":"(anonymous_0)","decl":{"start":{"line":33,"column":8},"end":{"line":33,"column":9}},"loc":{"start":{"line":33,"column":29},"end":{"line":36,"column":1}},"line":33},"1":{"name":"(anonymous_1)","decl":{"start":{"line":39,"column":19},"end":{"line":39,"column":20}},"loc":{"start":{"line":39,"column":34},"end":{"line":41,"column":1}},"line":39},"2":{"name":"(anonymous_2)","decl":{"start":{"line":59,"column":21},"end":{"line":59,"column":22}},"loc":{"start":{"line":59,"column":42},"end":{"line":61,"column":1}},"line":59}},"branchMap":{},"s":{"0":9,"1":9,"2":9,"3":9,"4":9,"5":9,"6":53,"7":53,"8":9,"9":0,"10":9,"11":9,"12":9,"13":9,"14":9,"15":9,"16":9,"17":9,"18":9,"19":9,"20":9,"21":9,"22":9,"23":9,"24":0,"25":9},"f":{"0":53,"1":0,"2":0},"b":{},"inputSourceMap":null,"_coverageSchema":"1a1c01bbd47fc00a2c39e90264f33305004495a9","hash":"2cefa89d81abedd6586dd1ff6df21a481388f774"}
,"E:\\Sunrise Connect\\backend\\src\\config\\env.js": {"path":"E:\\Sunrise Connect\\backend\\src\\config\\env.js","statementMap":{"0":{"start":{"line":4,"column":12},"end":{"line":14,"column":1}}},"fnMap":{},"branchMap":{"0":{"loc":{"start":{"line":5,"column":12},"end":{"line":5,"column":49}},"type":"binary-expr","locations":[{"start":{"line":5,"column":12},"end":{"line":5,"column":32}},{"start":{"line":5,"column":36},"end":{"line":5,"column":49}}],"line":5},"1":{"loc":{"start":{"line":6,"column":8},"end":{"line":6,"column":46}},"type":"binary-expr","locations":[{"start":{"line":6,"column":8},"end":{"line":6,"column":38}},{"start":{"line":6,"column":42},"end":{"line":6,"column":46}}],"line":6},"2":{"loc":{"start":{"line":7,"column":15},"end":{"line":7,"column":85}},"type":"binary-expr","locations":[{"start":{"line":7,"column":15},"end":{"line":7,"column":38}},{"start":{"line":7,"column":42},"end":{"line":7,"column":85}}],"line":7},"3":{"loc":{"start":{"line":8,"column":14},"end":{"line":8,"column":56}},"type":"binary-expr","locations":[{"start":{"line":8,"column":14},"end":{"line":8,"column":36}},{"start":{"line":8,"column":40},"end":{"line":8,"column":56}}],"line":8},"4":{"loc":{"start":{"line":9,"column":18},"end":{"line":9,"column":53}},"type":"binary-expr","locations":[{"start":{"line":9,"column":18},"end":{"line":9,"column":44}},{"start":{"line":9,"column":48},"end":{"line":9,"column":53}}],"line":9},"5":{"loc":{"start":{"line":10,"column":28},"end":{"line":10,"column":72}},"type":"binary-expr","locations":[{"start":{"line":10,"column":28},"end":{"line":10,"column":64}},{"start":{"line":10,"column":68},"end":{"line":10,"column":72}}],"line":10},"6":{"loc":{"start":{"line":11,"column":13},"end":{"line":11,"column":44}},"type":"binary-expr","locations":[{"start":{"line":11,"column":13},"end":{"line":11,"column":34}},{"start":{"line":11,"column":38},"end":{"line":11,"column":44}}],"line":11},"7":{"loc":{"start":{"line":12,"column":24},"end":{"line":12,"column":88}},"type":"binary-expr","locations":[{"start":{"line":12,"column":24},"end":{"line":12,"column":70}},{"start":{"line":12,"column":74},"end":{"line":12,"column":88}}],"line":12},"8":{"loc":{"start":{"line":13,"column":18},"end":{"line":13,"column":65}},"type":"binary-expr","locations":[{"start":{"line":13,"column":18},"end":{"line":13,"column":58}},{"start":{"line":13,"column":62},"end":{"line":13,"column":65}}],"line":13}},"s":{"0":14},"f":{},"b":{"0":[14,0],"1":[14,0],"2":[14,0],"3":[14,0],"4":[14,0],"5":[14,0],"6":[14,0],"7":[14,0],"8":[14,0]},"inputSourceMap":null,"_coverageSchema":"1a1c01bbd47fc00a2c39e90264f33305004495a9","hash":"0be1fdfb4563bf31c60394dfa3bb5eb92188ae40"}
,"E:\\Sunrise Connect\\backend\\src\\config\\logger.js": {"path":"E:\\Sunrise Connect\\backend\\src\\config\\logger.js","statementMap":{"0":{"start":{"line":5,"column":57},"end":{"line":5,"column":71}},"1":{"start":{"line":7,"column":18},"end":{"line":9,"column":2}},"2":{"start":{"line":8,"column":2},"end":{"line":8,"column":54}},"3":{"start":{"line":11,"column":22},"end":{"line":17,"column":2}},"4":{"start":{"line":19,"column":15},"end":{"line":29,"column":2}},"5":{"start":{"line":31,"column":0},"end":{"line":37,"column":1}},"6":{"start":{"line":32,"column":2},"end":{"line":36,"column":4}}},"fnMap":{"0":{"name":"(anonymous_0)","decl":{"start":{"line":7,"column":25},"end":{"line":7,"column":26}},"loc":{"start":{"line":7,"column":67},"end":{"line":9,"column":1}},"line":7}},"branchMap":{"0":{"loc":{"start":{"line":8,"column":35},"end":{"line":8,"column":51}},"type":"binary-expr","locations":[{"start":{"line":8,"column":35},"end":{"line":8,"column":40}},{"start":{"line":8,"column":44},"end":{"line":8,"column":51}}],"line":8},"1":{"loc":{"start":{"line":20,"column":9},"end":{"line":20,"column":58}},"type":"cond-expr","locations":[{"start":{"line":20,"column":42},"end":{"line":20,"column":49}},{"start":{"line":20,"column":52},"end":{"line":20,"column":58}}],"line":20},"2":{"loc":{"start":{"line":31,"column":0},"end":{"line":37,"column":1}},"type":"if","locations":[{"start":{"line":31,"column":0},"end":{"line":37,"column":1}},{"start":{},"end":{}}],"line":31}},"s":{"0":14,"1":14,"2":118,"3":14,"4":14,"5":14,"6":14},"f":{"0":118},"b":{"0":[118,106],"1":[0,14],"2":[14,0]},"inputSourceMap":null,"_coverageSchema":"1a1c01bbd47fc00a2c39e90264f33305004495a9","hash":"f0e10012b4384f1ccf79156a4ec42383ca935d11"}
,"E:\\Sunrise Connect\\backend\\src\\controllers\\AcademicYearController.js": {"path":"E:\\Sunrise Connect\\backend\\src\\controllers\\AcademicYearController.js","statementMap":{"0":{"start":{"line":5,"column":35},"end":{"line":13,"column":2}},"1":{"start":{"line":6,"column":16},"end":{"line":6,"column":65}},"2":{"start":{"line":8,"column":2},"end":{"line":12,"column":5}},"3":{"start":{"line":15,"column":34},"end":{"line":22,"column":2}},"4":{"start":{"line":16,"column":18},"end":{"line":16,"column":53}},"5":{"start":{"line":18,"column":2},"end":{"line":21,"column":5}},"6":{"start":{"line":24,"column":34},"end":{"line":45,"column":2}},"7":{"start":{"line":25,"column":2},"end":{"line":30,"column":3}},"8":{"start":{"line":26,"column":4},"end":{"line":29,"column":6}},"9":{"start":{"line":32,"column":15},"end":{"line":35,"column":4}},"10":{"start":{"line":37,"column":2},"end":{"line":39,"column":3}},"11":{"start":{"line":38,"column":4},"end":{"line":38,"column":74}},"12":{"start":{"line":41,"column":2},"end":{"line":44,"column":5}},"13":{"start":{"line":47,"column":34},"end":{"line":58,"column":2}},"14":{"start":{"line":48,"column":15},"end":{"line":48,"column":66}},"15":{"start":{"line":50,"column":2},"end":{"line":52,"column":3}},"16":{"start":{"line":51,"column":4},"end":{"line":51,"column":74}},"17":{"start":{"line":54,"column":2},"end":{"line":57,"column":5}}},"fnMap":{"0":{"name":"(anonymous_0)","decl":{"start":{"line":5,"column":46},"end":{"line":5,"column":47}},"loc":{"start":{"line":5,"column":72},"end":{"line":13,"column":1}},"line":5},"1":{"name":"(anonymous_1)","decl":{"start":{"line":15,"column":45},"end":{"line":15,"column":46}},"loc":{"start":{"line":15,"column":71},"end":{"line":22,"column":1}},"line":15},"2":{"name":"(anonymous_2)","decl":{"start":{"line":24,"column":45},"end":{"line":24,"column":46}},"loc":{"start":{"line":24,"column":71},"end":{"line":45,"column":1}},"line":24},"3":{"name":"(anonymous_3)","decl":{"start":{"line":47,"column":45},"end":{"line":47,"column":46}},"loc":{"start":{"line":47,"column":71},"end":{"line":58,"column":1}},"line":47}},"branchMap":{"0":{"loc":{"start":{"line":25,"column":2},"end":{"line":30,"column":3}},"type":"if","locations":[{"start":{"line":25,"column":2},"end":{"line":30,"column":3}},{"start":{},"end":{}}],"line":25},"1":{"loc":{"start":{"line":37,"column":2},"end":{"line":39,"column":3}},"type":"if","locations":[{"start":{"line":37,"column":2},"end":{"line":39,"column":3}},{"start":{},"end":{}}],"line":37},"2":{"loc":{"start":{"line":50,"column":2},"end":{"line":52,"column":3}},"type":"if","locations":[{"start":{"line":50,"column":2},"end":{"line":52,"column":3}},{"start":{},"end":{}}],"line":50}},"s":{"0":9,"1":0,"2":0,"3":9,"4":0,"5":0,"6":9,"7":0,"8":0,"9":0,"10":0,"11":0,"12":0,"13":9,"14":0,"15":0,"16":0,"17":0},"f":{"0":0,"1":0,"2":0,"3":0},"b":{"0":[0,0],"1":[0,0],"2":[0,0]},"inputSourceMap":null,"_coverageSchema":"1a1c01bbd47fc00a2c39e90264f33305004495a9","hash":"ccbe7a641d114e271a3a9bd669f906435c4da02a"}
,"E:\\Sunrise Connect\\backend\\src\\controllers\\AuditController.js": {"path":"E:\\Sunrise Connect\\backend\\src\\controllers\\AuditController.js","statementMap":{"0":{"start":{"line":8,"column":18},"end":{"line":12,"column":4}},"1":{"start":{"line":9,"column":48},"end":{"line":9,"column":57}},"2":{"start":{"line":10,"column":17},"end":{"line":10,"column":96}},"3":{"start":{"line":11,"column":4},"end":{"line":11,"column":33}},"4":{"start":{"line":15,"column":20},"end":{"line":18,"column":4}},"5":{"start":{"line":16,"column":16},"end":{"line":16,"column":58}},"6":{"start":{"line":17,"column":4},"end":{"line":17,"column":32}}},"fnMap":{"0":{"name":"(anonymous_0)","decl":{"start":{"line":8,"column":29},"end":{"line":8,"column":30}},"loc":{"start":{"line":8,"column":49},"end":{"line":12,"column":3}},"line":8},"1":{"name":"(anonymous_1)","decl":{"start":{"line":15,"column":31},"end":{"line":15,"column":32}},"loc":{"start":{"line":15,"column":51},"end":{"line":18,"column":3}},"line":15}},"branchMap":{"0":{"loc":{"start":{"line":9,"column":12},"end":{"line":9,"column":22}},"type":"default-arg","locations":[{"start":{"line":9,"column":20},"end":{"line":9,"column":22}}],"line":9},"1":{"loc":{"start":{"line":9,"column":24},"end":{"line":9,"column":32}},"type":"default-arg","locations":[{"start":{"line":9,"column":31},"end":{"line":9,"column":32}}],"line":9}},"s":{"0":9,"1":1,"2":1,"3":1,"4":9,"5":0,"6":0},"f":{"0":1,"1":0},"b":{"0":[1],"1":[1]},"inputSourceMap":null,"_coverageSchema":"1a1c01bbd47fc00a2c39e90264f33305004495a9","hash":"539569a662554ca2c35648baa2a297e460e5c822"}
,"E:\\Sunrise Connect\\backend\\src\\controllers\\AuthController.js": {"path":"E:\\Sunrise Connect\\backend\\src\\controllers\\AuthController.js","statementMap":{"0":{"start":{"line":8,"column":23},"end":{"line":11,"column":4}},"1":{"start":{"line":9,"column":19},"end":{"line":9,"column":58}},"2":{"start":{"line":10,"column":4},"end":{"line":10,"column":35}},"3":{"start":{"line":14,"column":32},"end":{"line":17,"column":4}},"4":{"start":{"line":15,"column":19},"end":{"line":15,"column":67}},"5":{"start":{"line":16,"column":4},"end":{"line":16,"column":35}},"6":{"start":{"line":20,"column":29},"end":{"line":23,"column":4}},"7":{"start":{"line":21,"column":19},"end":{"line":21,"column":64}},"8":{"start":{"line":22,"column":4},"end":{"line":22,"column":35}},"9":{"start":{"line":26,"column":23},"end":{"line":29,"column":4}},"10":{"start":{"line":27,"column":19},"end":{"line":27,"column":58}},"11":{"start":{"line":28,"column":4},"end":{"line":28,"column":35}},"12":{"start":{"line":32,"column":24},"end":{"line":35,"column":4}},"13":{"start":{"line":33,"column":19},"end":{"line":33,"column":65}},"14":{"start":{"line":34,"column":4},"end":{"line":34,"column":35}},"15":{"start":{"line":38,"column":18},"end":{"line":41,"column":4}},"16":{"start":{"line":39,"column":4},"end":{"line":39,"column":123}},"17":{"start":{"line":40,"column":4},"end":{"line":40,"column":60}},"18":{"start":{"line":44,"column":21},"end":{"line":47,"column":4}},"19":{"start":{"line":45,"column":4},"end":{"line":45,"column":113}},"20":{"start":{"line":46,"column":4},"end":{"line":46,"column":57}}},"fnMap":{"0":{"name":"(anonymous_0)","decl":{"start":{"line":8,"column":34},"end":{"line":8,"column":35}},"loc":{"start":{"line":8,"column":54},"end":{"line":11,"column":3}},"line":8},"1":{"name":"(anonymous_1)","decl":{"start":{"line":14,"column":43},"end":{"line":14,"column":44}},"loc":{"start":{"line":14,"column":63},"end":{"line":17,"column":3}},"line":14},"2":{"name":"(anonymous_2)","decl":{"start":{"line":20,"column":40},"end":{"line":20,"column":41}},"loc":{"start":{"line":20,"column":60},"end":{"line":23,"column":3}},"line":20},"3":{"name":"(anonymous_3)","decl":{"start":{"line":26,"column":34},"end":{"line":26,"column":35}},"loc":{"start":{"line":26,"column":54},"end":{"line":29,"column":3}},"line":26},"4":{"name":"(anonymous_4)","decl":{"start":{"line":32,"column":35},"end":{"line":32,"column":36}},"loc":{"start":{"line":32,"column":55},"end":{"line":35,"column":3}},"line":32},"5":{"name":"(anonymous_5)","decl":{"start":{"line":38,"column":29},"end":{"line":38,"column":30}},"loc":{"start":{"line":38,"column":49},"end":{"line":41,"column":3}},"line":38},"6":{"name":"(anonymous_6)","decl":{"start":{"line":44,"column":32},"end":{"line":44,"column":33}},"loc":{"start":{"line":44,"column":52},"end":{"line":47,"column":3}},"line":44}},"branchMap":{"0":{"loc":{"start":{"line":39,"column":73},"end":{"line":39,"column":119}},"type":"cond-expr","locations":[{"start":{"line":39,"column":102},"end":{"line":39,"column":110}},{"start":{"line":39,"column":113},"end":{"line":39,"column":119}}],"line":39},"1":{"loc":{"start":{"line":45,"column":63},"end":{"line":45,"column":109}},"type":"cond-expr","locations":[{"start":{"line":45,"column":92},"end":{"line":45,"column":100}},{"start":{"line":45,"column":103},"end":{"line":45,"column":109}}],"line":45}},"s":{"0":9,"1":2,"2":1,"3":9,"4":1,"5":1,"6":9,"7":0,"8":0,"9":9,"10":0,"11":0,"12":9,"13":0,"14":0,"15":9,"16":0,"17":0,"18":9,"19":0,"20":0},"f":{"0":2,"1":1,"2":0,"3":0,"4":0,"5":0,"6":0},"b":{"0":[0,0],"1":[0,0]},"inputSourceMap":null,"_coverageSchema":"1a1c01bbd47fc00a2c39e90264f33305004495a9","hash":"0aefb31837103f2b9a2ee8719c2c89c7e7dd5956"}
,"E:\\Sunrise Connect\\backend\\src\\controllers\\DashboardController.js": {"path":"E:\\Sunrise Connect\\backend\\src\\controllers\\DashboardController.js","statementMap":{"0":{"start":{"line":8,"column":25},"end":{"line":11,"column":4}},"1":{"start":{"line":9,"column":17},"end":{"line":9,"column":58}},"2":{"start":{"line":10,"column":4},"end":{"line":10,"column":33}},"3":{"start":{"line":14,"column":27},"end":{"line":17,"column":4}},"4":{"start":{"line":15,"column":17},"end":{"line":15,"column":73}},"5":{"start":{"line":16,"column":4},"end":{"line":16,"column":33}},"6":{"start":{"line":20,"column":28},"end":{"line":23,"column":4}},"7":{"start":{"line":21,"column":17},"end":{"line":21,"column":74}},"8":{"start":{"line":22,"column":4},"end":{"line":22,"column":33}}},"fnMap":{"0":{"name":"(anonymous_0)","decl":{"start":{"line":8,"column":36},"end":{"line":8,"column":37}},"loc":{"start":{"line":8,"column":56},"end":{"line":11,"column":3}},"line":8},"1":{"name":"(anonymous_1)","decl":{"start":{"line":14,"column":38},"end":{"line":14,"column":39}},"loc":{"start":{"line":14,"column":58},"end":{"line":17,"column":3}},"line":14},"2":{"name":"(anonymous_2)","decl":{"start":{"line":20,"column":39},"end":{"line":20,"column":40}},"loc":{"start":{"line":20,"column":59},"end":{"line":23,"column":3}},"line":20}},"branchMap":{},"s":{"0":9,"1":1,"2":1,"3":9,"4":1,"5":1,"6":9,"7":0,"8":0},"f":{"0":1,"1":1,"2":0},"b":{},"inputSourceMap":null,"_coverageSchema":"1a1c01bbd47fc00a2c39e90264f33305004495a9","hash":"b4e408b9d500d439e42f044c74cbedf067230092"}
,"E:\\Sunrise Connect\\backend\\src\\controllers\\FeeCategoryController.js": {"path":"E:\\Sunrise Connect\\backend\\src\\controllers\\FeeCategoryController.js","statementMap":{"0":{"start":{"line":5,"column":35},"end":{"line":13,"column":2}},"1":{"start":{"line":6,"column":21},"end":{"line":6,"column":69}},"2":{"start":{"line":8,"column":2},"end":{"line":12,"column":5}},"3":{"start":{"line":15,"column":33},"end":{"line":22,"column":2}},"4":{"start":{"line":16,"column":22},"end":{"line":16,"column":56}},"5":{"start":{"line":18,"column":2},"end":{"line":21,"column":5}},"6":{"start":{"line":24,"column":33},"end":{"line":38,"column":2}},"7":{"start":{"line":25,"column":19},"end":{"line":28,"column":4}},"8":{"start":{"line":30,"column":2},"end":{"line":32,"column":3}},"9":{"start":{"line":31,"column":4},"end":{"line":31,"column":73}},"10":{"start":{"line":34,"column":2},"end":{"line":37,"column":5}},"11":{"start":{"line":40,"column":33},"end":{"line":51,"column":2}},"12":{"start":{"line":41,"column":19},"end":{"line":41,"column":69}},"13":{"start":{"line":43,"column":2},"end":{"line":45,"column":3}},"14":{"start":{"line":44,"column":4},"end":{"line":44,"column":73}},"15":{"start":{"line":47,"column":2},"end":{"line":50,"column":5}}},"fnMap":{"0":{"name":"(anonymous_0)","decl":{"start":{"line":5,"column":46},"end":{"line":5,"column":47}},"loc":{"start":{"line":5,"column":72},"end":{"line":13,"column":1}},"line":5},"1":{"name":"(anonymous_1)","decl":{"start":{"line":15,"column":44},"end":{"line":15,"column":45}},"loc":{"start":{"line":15,"column":70},"end":{"line":22,"column":1}},"line":15},"2":{"name":"(anonymous_2)","decl":{"start":{"line":24,"column":44},"end":{"line":24,"column":45}},"loc":{"start":{"line":24,"column":70},"end":{"line":38,"column":1}},"line":24},"3":{"name":"(anonymous_3)","decl":{"start":{"line":40,"column":44},"end":{"line":40,"column":45}},"loc":{"start":{"line":40,"column":70},"end":{"line":51,"column":1}},"line":40}},"branchMap":{"0":{"loc":{"start":{"line":30,"column":2},"end":{"line":32,"column":3}},"type":"if","locations":[{"start":{"line":30,"column":2},"end":{"line":32,"column":3}},{"start":{},"end":{}}],"line":30},"1":{"loc":{"start":{"line":43,"column":2},"end":{"line":45,"column":3}},"type":"if","locations":[{"start":{"line":43,"column":2},"end":{"line":45,"column":3}},{"start":{},"end":{}}],"line":43}},"s":{"0":9,"1":0,"2":0,"3":9,"4":0,"5":0,"6":9,"7":0,"8":0,"9":0,"10":0,"11":9,"12":0,"13":0,"14":0,"15":0},"f":{"0":0,"1":0,"2":0,"3":0},"b":{"0":[0,0],"1":[0,0]},"inputSourceMap":null,"_coverageSchema":"1a1c01bbd47fc00a2c39e90264f33305004495a9","hash":"8380b945c411a4e502c6f04474f0704e4e64ca3b"}
,"E:\\Sunrise Connect\\backend\\src\\controllers\\FeeStructureController.js": {"path":"E:\\Sunrise Connect\\backend\\src\\controllers\\FeeStructureController.js","statementMap":{"0":{"start":{"line":14,"column":16},"end":{"line":21,"column":4}},"1":{"start":{"line":15,"column":49},"end":{"line":18,"column":6}},"2":{"start":{"line":20,"column":4},"end":{"line":20,"column":67}},"3":{"start":{"line":27,"column":30},"end":{"line":42,"column":4}},"4":{"start":{"line":28,"column":21},"end":{"line":28,"column":105}},"5":{"start":{"line":29,"column":4},"end":{"line":39,"column":5}},"6":{"start":{"line":30,"column":6},"end":{"line":32,"column":7}},"7":{"start":{"line":31,"column":8},"end":{"line":31,"column":93}},"8":{"start":{"line":33,"column":22},"end":{"line":37,"column":7}},"9":{"start":{"line":38,"column":6},"end":{"line":38,"column":45}},"10":{"start":{"line":40,"column":25},"end":{"line":40,"column":60}},"11":{"start":{"line":41,"column":4},"end":{"line":41,"column":41}},"12":{"start":{"line":48,"column":39},"end":{"line":51,"column":4}},"13":{"start":{"line":49,"column":25},"end":{"line":49,"column":69}},"14":{"start":{"line":50,"column":4},"end":{"line":50,"column":41}},"15":{"start":{"line":57,"column":30},"end":{"line":64,"column":4}},"16":{"start":{"line":58,"column":19},"end":{"line":58,"column":29}},"17":{"start":{"line":59,"column":20},"end":{"line":59,"column":106}},"18":{"start":{"line":60,"column":4},"end":{"line":62,"column":5}},"19":{"start":{"line":61,"column":6},"end":{"line":61,"column":57}},"20":{"start":{"line":63,"column":4},"end":{"line":63,"column":36}},"21":{"start":{"line":70,"column":39},"end":{"line":77,"column":4}},"22":{"start":{"line":71,"column":19},"end":{"line":71,"column":29}},"23":{"start":{"line":72,"column":20},"end":{"line":72,"column":115}},"24":{"start":{"line":73,"column":4},"end":{"line":75,"column":5}},"25":{"start":{"line":74,"column":6},"end":{"line":74,"column":67}},"26":{"start":{"line":76,"column":4},"end":{"line":76,"column":36}},"27":{"start":{"line":83,"column":30},"end":{"line":90,"column":4}},"28":{"start":{"line":84,"column":19},"end":{"line":84,"column":29}},"29":{"start":{"line":85,"column":20},"end":{"line":85,"column":60}},"30":{"start":{"line":86,"column":4},"end":{"line":88,"column":5}},"31":{"start":{"line":87,"column":6},"end":{"line":87,"column":57}},"32":{"start":{"line":89,"column":4},"end":{"line":89,"column":71}},"33":{"start":{"line":96,"column":39},"end":{"line":103,"column":4}},"34":{"start":{"line":97,"column":19},"end":{"line":97,"column":29}},"35":{"start":{"line":98,"column":20},"end":{"line":98,"column":69}},"36":{"start":{"line":99,"column":4},"end":{"line":101,"column":5}},"37":{"start":{"line":100,"column":6},"end":{"line":100,"column":67}},"38":{"start":{"line":102,"column":4},"end":{"line":102,"column":81}}},"fnMap":{"0":{"name":"(anonymous_0)","decl":{"start":{"line":14,"column":27},"end":{"line":14,"column":28}},"loc":{"start":{"line":14,"column":48},"end":{"line":21,"column":3}},"line":14},"1":{"name":"(anonymous_1)","decl":{"start":{"line":27,"column":41},"end":{"line":27,"column":42}},"loc":{"start":{"line":27,"column":61},"end":{"line":42,"column":3}},"line":27},"2":{"name":"(anonymous_2)","decl":{"start":{"line":48,"column":50},"end":{"line":48,"column":51}},"loc":{"start":{"line":48,"column":70},"end":{"line":51,"column":3}},"line":48},"3":{"name":"(anonymous_3)","decl":{"start":{"line":57,"column":41},"end":{"line":57,"column":42}},"loc":{"start":{"line":57,"column":61},"end":{"line":64,"column":3}},"line":57},"4":{"name":"(anonymous_4)","decl":{"start":{"line":70,"column":50},"end":{"line":70,"column":51}},"loc":{"start":{"line":70,"column":70},"end":{"line":77,"column":3}},"line":70},"5":{"name":"(anonymous_5)","decl":{"start":{"line":83,"column":41},"end":{"line":83,"column":42}},"loc":{"start":{"line":83,"column":61},"end":{"line":90,"column":3}},"line":83},"6":{"name":"(anonymous_6)","decl":{"start":{"line":96,"column":50},"end":{"line":96,"column":51}},"loc":{"start":{"line":96,"column":70},"end":{"line":103,"column":3}},"line":96}},"branchMap":{"0":{"loc":{"start":{"line":29,"column":4},"end":{"line":39,"column":5}},"type":"if","locations":[{"start":{"line":29,"column":4},"end":{"line":39,"column":5}},{"start":{},"end":{}}],"line":29},"1":{"loc":{"start":{"line":30,"column":6},"end":{"line":32,"column":7}},"type":"if","locations":[{"start":{"line":30,"column":6},"end":{"line":32,"column":7}},{"start":{},"end":{}}],"line":30},"2":{"loc":{"start":{"line":60,"column":4},"end":{"line":62,"column":5}},"type":"if","locations":[{"start":{"line":60,"column":4},"end":{"line":62,"column":5}},{"start":{},"end":{}}],"line":60},"3":{"loc":{"start":{"line":73,"column":4},"end":{"line":75,"column":5}},"type":"if","locations":[{"start":{"line":73,"column":4},"end":{"line":75,"column":5}},{"start":{},"end":{}}],"line":73},"4":{"loc":{"start":{"line":86,"column":4},"end":{"line":88,"column":5}},"type":"if","locations":[{"start":{"line":86,"column":4},"end":{"line":88,"column":5}},{"start":{},"end":{}}],"line":86},"5":{"loc":{"start":{"line":99,"column":4},"end":{"line":101,"column":5}},"type":"if","locations":[{"start":{"line":99,"column":4},"end":{"line":101,"column":5}},{"start":{},"end":{}}],"line":99}},"s":{"0":9,"1":1,"2":1,"3":9,"4":0,"5":0,"6":0,"7":0,"8":0,"9":0,"10":0,"11":0,"12":9,"13":0,"14":0,"15":9,"16":2,"17":2,"18":2,"19":1,"20":1,"21":9,"22":2,"23":2,"24":2,"25":1,"26":1,"27":9,"28":0,"29":0,"30":0,"31":0,"32":0,"33":9,"34":0,"35":0,"36":0,"37":0,"38":0},"f":{"0":1,"1":0,"2":0,"3":2,"4":2,"5":0,"6":0},"b":{"0":[0,0],"1":[0,0],"2":[1,1],"3":[1,1],"4":[0,0],"5":[0,0]},"inputSourceMap":null,"_coverageSchema":"1a1c01bbd47fc00a2c39e90264f33305004495a9","hash":"b675905c065fdf27668cde85e675b5a5aca76187"}
,"E:\\Sunrise Connect\\backend\\src\\controllers\\LedgerController.js": {"path":"E:\\Sunrise Connect\\backend\\src\\controllers\\LedgerController.js","statementMap":{"0":{"start":{"line":9,"column":24},"end":{"line":12,"column":4}},"1":{"start":{"line":10,"column":19},"end":{"line":10,"column":61}},"2":{"start":{"line":11,"column":4},"end":{"line":11,"column":35}},"3":{"start":{"line":15,"column":23},"end":{"line":30,"column":4}},"4":{"start":{"line":16,"column":48},"end":{"line":16,"column":57}},"5":{"start":{"line":17,"column":4},"end":{"line":27,"column":5}},"6":{"start":{"line":18,"column":23},"end":{"line":18,"column":47}},"7":{"start":{"line":19,"column":25},"end":{"line":19,"column":112}},"8":{"start":{"line":20,"column":6},"end":{"line":26,"column":7}},"9":{"start":{"line":21,"column":8},"end":{"line":23,"column":9}},"10":{"start":{"line":21,"column":34},"end":{"line":21,"column":47}},"11":{"start":{"line":22,"column":10},"end":{"line":22,"column":44}},"12":{"start":{"line":25,"column":8},"end":{"line":25,"column":47}},"13":{"start":{"line":28,"column":20},"end":{"line":28,"column":105}},"14":{"start":{"line":29,"column":4},"end":{"line":29,"column":36}},"15":{"start":{"line":33,"column":21},"end":{"line":43,"column":4}},"16":{"start":{"line":34,"column":19},"end":{"line":34,"column":63}},"17":{"start":{"line":35,"column":4},"end":{"line":41,"column":5}},"18":{"start":{"line":36,"column":23},"end":{"line":36,"column":47}},"19":{"start":{"line":37,"column":22},"end":{"line":37,"column":88}},"20":{"start":{"line":38,"column":6},"end":{"line":40,"column":7}},"21":{"start":{"line":39,"column":8},"end":{"line":39,"column":82}},"22":{"start":{"line":42,"column":4},"end":{"line":42,"column":35}},"23":{"start":{"line":46,"column":22},"end":{"line":49,"column":4}},"24":{"start":{"line":47,"column":19},"end":{"line":47,"column":91}},"25":{"start":{"line":48,"column":4},"end":{"line":48,"column":35}},"26":{"start":{"line":52,"column":27},"end":{"line":55,"column":4}},"27":{"start":{"line":53,"column":19},"end":{"line":53,"column":96}},"28":{"start":{"line":54,"column":4},"end":{"line":54,"column":35}},"29":{"start":{"line":58,"column":22},"end":{"line":61,"column":4}},"30":{"start":{"line":59,"column":19},"end":{"line":59,"column":64}},"31":{"start":{"line":60,"column":4},"end":{"line":60,"column":35}}},"fnMap":{"0":{"name":"(anonymous_0)","decl":{"start":{"line":9,"column":35},"end":{"line":9,"column":36}},"loc":{"start":{"line":9,"column":55},"end":{"line":12,"column":3}},"line":9},"1":{"name":"(anonymous_1)","decl":{"start":{"line":15,"column":34},"end":{"line":15,"column":35}},"loc":{"start":{"line":15,"column":54},"end":{"line":30,"column":3}},"line":15},"2":{"name":"(anonymous_2)","decl":{"start":{"line":21,"column":28},"end":{"line":21,"column":29}},"loc":{"start":{"line":21,"column":34},"end":{"line":21,"column":47}},"line":21},"3":{"name":"(anonymous_3)","decl":{"start":{"line":33,"column":32},"end":{"line":33,"column":33}},"loc":{"start":{"line":33,"column":52},"end":{"line":43,"column":3}},"line":33},"4":{"name":"(anonymous_4)","decl":{"start":{"line":46,"column":33},"end":{"line":46,"column":34}},"loc":{"start":{"line":46,"column":53},"end":{"line":49,"column":3}},"line":46},"5":{"name":"(anonymous_5)","decl":{"start":{"line":52,"column":38},"end":{"line":52,"column":39}},"loc":{"start":{"line":52,"column":58},"end":{"line":55,"column":3}},"line":52},"6":{"name":"(anonymous_6)","decl":{"start":{"line":58,"column":33},"end":{"line":58,"column":34}},"loc":{"start":{"line":58,"column":53},"end":{"line":61,"column":3}},"line":58}},"branchMap":{"0":{"loc":{"start":{"line":16,"column":12},"end":{"line":16,"column":22}},"type":"default-arg","locations":[{"start":{"line":16,"column":20},"end":{"line":16,"column":22}}],"line":16},"1":{"loc":{"start":{"line":16,"column":24},"end":{"line":16,"column":32}},"type":"default-arg","locations":[{"start":{"line":16,"column":31},"end":{"line":16,"column":32}}],"line":16},"2":{"loc":{"start":{"line":17,"column":4},"end":{"line":27,"column":5}},"type":"if","locations":[{"start":{"line":17,"column":4},"end":{"line":27,"column":5}},{"start":{},"end":{}}],"line":17},"3":{"loc":{"start":{"line":20,"column":6},"end":{"line":26,"column":7}},"type":"if","locations":[{"start":{"line":20,"column":6},"end":{"line":26,"column":7}},{"start":{"line":24,"column":13},"end":{"line":26,"column":7}}],"line":20},"4":{"loc":{"start":{"line":21,"column":8},"end":{"line":23,"column":9}},"type":"if","locations":[{"start":{"line":21,"column":8},"end":{"line":23,"column":9}},{"start":{},"end":{}}],"line":21},"5":{"loc":{"start":{"line":35,"column":4},"end":{"line":41,"column":5}},"type":"if","locations":[{"start":{"line":35,"column":4},"end":{"line":41,"column":5}},{"start":{},"end":{}}],"line":35},"6":{"loc":{"start":{"line":38,"column":6},"end":{"line":40,"column":7}},"type":"if","locations":[{"start":{"line":38,"column":6},"end":{"line":40,"column":7}},{"start":{},"end":{}}],"line":38},"7":{"loc":{"start":{"line":38,"column":10},"end":{"line":38,"column":66}},"type":"binary-expr","locations":[{"start":{"line":38,"column":10},"end":{"line":38,"column":18}},{"start":{"line":38,"column":22},"end":{"line":38,"column":66}}],"line":38}},"s":{"0":10,"1":0,"2":0,"3":10,"4":2,"5":2,"6":1,"7":1,"8":1,"9":0,"10":0,"11":0,"12":1,"13":2,"14":2,"15":10,"16":0,"17":0,"18":0,"19":0,"20":0,"21":0,"22":0,"23":10,"24":0,"25":0,"26":10,"27":1,"28":1,"29":10,"30":0,"31":0},"f":{"0":0,"1":2,"2":0,"3":0,"4":0,"5":1,"6":0},"b":{"0":[1],"1":[2],"2":[1,1],"3":[0,1],"4":[0,0],"5":[0,0],"6":[0,0],"7":[0,0]},"inputSourceMap":null,"_coverageSchema":"1a1c01bbd47fc00a2c39e90264f33305004495a9","hash":"9ad0d8fffc8d55824ad8414ef4529b2d08c3c93b"}
,"E:\\Sunrise Connect\\backend\\src\\controllers\\MigrationController.js": {"path":"E:\\Sunrise Connect\\backend\\src\\controllers\\MigrationController.js","statementMap":{"0":{"start":{"line":8,"column":26},"end":{"line":11,"column":4}},"1":{"start":{"line":9,"column":4},"end":{"line":9,"column":60}},"2":{"start":{"line":10,"column":4},"end":{"line":10,"column":95}},"3":{"start":{"line":14,"column":27},"end":{"line":17,"column":4}},"4":{"start":{"line":15,"column":4},"end":{"line":15,"column":62}},"5":{"start":{"line":16,"column":4},"end":{"line":16,"column":97}}},"fnMap":{"0":{"name":"(anonymous_0)","decl":{"start":{"line":8,"column":37},"end":{"line":8,"column":38}},"loc":{"start":{"line":8,"column":57},"end":{"line":11,"column":3}},"line":8},"1":{"name":"(anonymous_1)","decl":{"start":{"line":14,"column":38},"end":{"line":14,"column":39}},"loc":{"start":{"line":14,"column":58},"end":{"line":17,"column":3}},"line":14}},"branchMap":{},"s":{"0":9,"1":1,"2":1,"3":9,"4":0,"5":0},"f":{"0":1,"1":0},"b":{},"inputSourceMap":null,"_coverageSchema":"1a1c01bbd47fc00a2c39e90264f33305004495a9","hash":"fb422d22e904cc61bf3a47c52db5580fe49ec708"}
,"E:\\Sunrise Connect\\backend\\src\\controllers\\ParentController.js": {"path":"E:\\Sunrise Connect\\backend\\src\\controllers\\ParentController.js","statementMap":{"0":{"start":{"line":8,"column":24},"end":{"line":11,"column":4}},"1":{"start":{"line":9,"column":19},"end":{"line":9,"column":61}},"2":{"start":{"line":10,"column":4},"end":{"line":10,"column":35}},"3":{"start":{"line":14,"column":23},"end":{"line":17,"column":4}},"4":{"start":{"line":15,"column":19},"end":{"line":15,"column":61}},"5":{"start":{"line":16,"column":4},"end":{"line":16,"column":35}},"6":{"start":{"line":20,"column":23},"end":{"line":24,"column":4}},"7":{"start":{"line":21,"column":48},"end":{"line":21,"column":57}},"8":{"start":{"line":22,"column":20},"end":{"line":22,"column":105}},"9":{"start":{"line":23,"column":4},"end":{"line":23,"column":36}},"10":{"start":{"line":27,"column":21},"end":{"line":30,"column":4}},"11":{"start":{"line":28,"column":19},"end":{"line":28,"column":63}},"12":{"start":{"line":29,"column":4},"end":{"line":29,"column":35}},"13":{"start":{"line":33,"column":24},"end":{"line":36,"column":4}},"14":{"start":{"line":34,"column":19},"end":{"line":34,"column":76}},"15":{"start":{"line":35,"column":4},"end":{"line":35,"column":35}},"16":{"start":{"line":39,"column":31},"end":{"line":42,"column":4}},"17":{"start":{"line":40,"column":4},"end":{"line":40,"column":87}},"18":{"start":{"line":41,"column":4},"end":{"line":41,"column":76}}},"fnMap":{"0":{"name":"(anonymous_0)","decl":{"start":{"line":8,"column":35},"end":{"line":8,"column":36}},"loc":{"start":{"line":8,"column":55},"end":{"line":11,"column":3}},"line":8},"1":{"name":"(anonymous_1)","decl":{"start":{"line":14,"column":34},"end":{"line":14,"column":35}},"loc":{"start":{"line":14,"column":54},"end":{"line":17,"column":3}},"line":14},"2":{"name":"(anonymous_2)","decl":{"start":{"line":20,"column":34},"end":{"line":20,"column":35}},"loc":{"start":{"line":20,"column":54},"end":{"line":24,"column":3}},"line":20},"3":{"name":"(anonymous_3)","decl":{"start":{"line":27,"column":32},"end":{"line":27,"column":33}},"loc":{"start":{"line":27,"column":52},"end":{"line":30,"column":3}},"line":27},"4":{"name":"(anonymous_4)","decl":{"start":{"line":33,"column":35},"end":{"line":33,"column":36}},"loc":{"start":{"line":33,"column":55},"end":{"line":36,"column":3}},"line":33},"5":{"name":"(anonymous_5)","decl":{"start":{"line":39,"column":42},"end":{"line":39,"column":43}},"loc":{"start":{"line":39,"column":62},"end":{"line":42,"column":3}},"line":39}},"branchMap":{"0":{"loc":{"start":{"line":21,"column":12},"end":{"line":21,"column":22}},"type":"default-arg","locations":[{"start":{"line":21,"column":20},"end":{"line":21,"column":22}}],"line":21},"1":{"loc":{"start":{"line":21,"column":24},"end":{"line":21,"column":32}},"type":"default-arg","locations":[{"start":{"line":21,"column":31},"end":{"line":21,"column":32}}],"line":21}},"s":{"0":9,"1":1,"2":1,"3":9,"4":0,"5":0,"6":9,"7":1,"8":1,"9":1,"10":9,"11":2,"12":2,"13":9,"14":0,"15":0,"16":9,"17":1,"18":1},"f":{"0":1,"1":0,"2":1,"3":2,"4":0,"5":1},"b":{"0":[1],"1":[1]},"inputSourceMap":null,"_coverageSchema":"1a1c01bbd47fc00a2c39e90264f33305004495a9","hash":"ffc0d1d44da5b426119b0620013c42c9e99fafb4"}
,"E:\\Sunrise Connect\\backend\\src\\controllers\\PaymentController.js": {"path":"E:\\Sunrise Connect\\backend\\src\\controllers\\PaymentController.js","statementMap":{"0":{"start":{"line":9,"column":25},"end":{"line":19,"column":4}},"1":{"start":{"line":10,"column":4},"end":{"line":16,"column":5}},"2":{"start":{"line":11,"column":23},"end":{"line":11,"column":47}},"3":{"start":{"line":12,"column":21},"end":{"line":12,"column":97}},"4":{"start":{"line":13,"column":6},"end":{"line":13,"column":63}},"5":{"start":{"line":13,"column":19},"end":{"line":13,"column":63}},"6":{"start":{"line":14,"column":22},"end":{"line":14,"column":119}},"7":{"start":{"line":15,"column":6},"end":{"line":15,"column":97}},"8":{"start":{"line":15,"column":20},"end":{"line":15,"column":97}},"9":{"start":{"line":17,"column":20},"end":{"line":17,"column":106}},"10":{"start":{"line":18,"column":4},"end":{"line":18,"column":36}},"11":{"start":{"line":22,"column":24},"end":{"line":50,"column":4}},"12":{"start":{"line":23,"column":48},"end":{"line":23,"column":57}},"13":{"start":{"line":24,"column":4},"end":{"line":47,"column":5}},"14":{"start":{"line":25,"column":23},"end":{"line":25,"column":47}},"15":{"start":{"line":26,"column":25},"end":{"line":26,"column":112}},"16":{"start":{"line":27,"column":28},"end":{"line":27,"column":133}},"17":{"start":{"line":28,"column":33},"end":{"line":28,"column":71}},"18":{"start":{"line":28,"column":57},"end":{"line":28,"column":70}},"19":{"start":{"line":30,"column":6},"end":{"line":46,"column":7}},"20":{"start":{"line":31,"column":29},"end":{"line":31,"column":93}},"21":{"start":{"line":31,"column":67},"end":{"line":31,"column":76}},"22":{"start":{"line":32,"column":27},"end":{"line":32,"column":85}},"23":{"start":{"line":32,"column":53},"end":{"line":32,"column":84}},"24":{"start":{"line":33,"column":8},"end":{"line":35,"column":9}},"25":{"start":{"line":34,"column":10},"end":{"line":34,"column":44}},"26":{"start":{"line":36,"column":8},"end":{"line":36,"column":48}},"27":{"start":{"line":37,"column":13},"end":{"line":46,"column":7}},"28":{"start":{"line":38,"column":8},"end":{"line":40,"column":9}},"29":{"start":{"line":39,"column":10},"end":{"line":39,"column":44}},"30":{"start":{"line":42,"column":8},"end":{"line":44,"column":9}},"31":{"start":{"line":43,"column":10},"end":{"line":43,"column":44}},"32":{"start":{"line":45,"column":8},"end":{"line":45,"column":56}},"33":{"start":{"line":48,"column":21},"end":{"line":48,"column":108}},"34":{"start":{"line":49,"column":4},"end":{"line":49,"column":37}},"35":{"start":{"line":53,"column":22},"end":{"line":56,"column":4}},"36":{"start":{"line":54,"column":20},"end":{"line":54,"column":66}},"37":{"start":{"line":55,"column":4},"end":{"line":55,"column":36}},"38":{"start":{"line":59,"column":26},"end":{"line":62,"column":4}},"39":{"start":{"line":60,"column":21},"end":{"line":60,"column":134}},"40":{"start":{"line":61,"column":4},"end":{"line":61,"column":37}}},"fnMap":{"0":{"name":"(anonymous_0)","decl":{"start":{"line":9,"column":36},"end":{"line":9,"column":37}},"loc":{"start":{"line":9,"column":56},"end":{"line":19,"column":3}},"line":9},"1":{"name":"(anonymous_1)","decl":{"start":{"line":22,"column":35},"end":{"line":22,"column":36}},"loc":{"start":{"line":22,"column":55},"end":{"line":50,"column":3}},"line":22},"2":{"name":"(anonymous_2)","decl":{"start":{"line":28,"column":51},"end":{"line":28,"column":52}},"loc":{"start":{"line":28,"column":57},"end":{"line":28,"column":70}},"line":28},"3":{"name":"(anonymous_3)","decl":{"start":{"line":31,"column":61},"end":{"line":31,"column":62}},"loc":{"start":{"line":31,"column":67},"end":{"line":31,"column":76}},"line":31},"4":{"name":"(anonymous_4)","decl":{"start":{"line":32,"column":47},"end":{"line":32,"column":48}},"loc":{"start":{"line":32,"column":53},"end":{"line":32,"column":84}},"line":32},"5":{"name":"(anonymous_5)","decl":{"start":{"line":53,"column":33},"end":{"line":53,"column":34}},"loc":{"start":{"line":53,"column":53},"end":{"line":56,"column":3}},"line":53},"6":{"name":"(anonymous_6)","decl":{"start":{"line":59,"column":37},"end":{"line":59,"column":38}},"loc":{"start":{"line":59,"column":57},"end":{"line":62,"column":3}},"line":59}},"branchMap":{"0":{"loc":{"start":{"line":10,"column":4},"end":{"line":16,"column":5}},"type":"if","locations":[{"start":{"line":10,"column":4},"end":{"line":16,"column":5}},{"start":{},"end":{}}],"line":10},"1":{"loc":{"start":{"line":13,"column":6},"end":{"line":13,"column":63}},"type":"if","locations":[{"start":{"line":13,"column":6},"end":{"line":13,"column":63}},{"start":{},"end":{}}],"line":13},"2":{"loc":{"start":{"line":15,"column":6},"end":{"line":15,"column":97}},"type":"if","locations":[{"start":{"line":15,"column":6},"end":{"line":15,"column":97}},{"start":{},"end":{}}],"line":15},"3":{"loc":{"start":{"line":17,"column":83},"end":{"line":17,"column":103}},"type":"binary-expr","locations":[{"start":{"line":17,"column":83},"end":{"line":17,"column":95}},{"start":{"line":17,"column":99},"end":{"line":17,"column":103}}],"line":17},"4":{"loc":{"start":{"line":23,"column":12},"end":{"line":23,"column":22}},"type":"default-arg","locations":[{"start":{"line":23,"column":20},"end":{"line":23,"column":22}}],"line":23},"5":{"loc":{"start":{"line":23,"column":24},"end":{"line":23,"column":32}},"type":"default-arg","locations":[{"start":{"line":23,"column":31},"end":{"line":23,"column":32}}],"line":23},"6":{"loc":{"start":{"line":24,"column":4},"end":{"line":47,"column":5}},"type":"if","locations":[{"start":{"line":24,"column":4},"end":{"line":47,"column":5}},{"start":{},"end":{}}],"line":24},"7":{"loc":{"start":{"line":30,"column":6},"end":{"line":46,"column":7}},"type":"if","locations":[{"start":{"line":30,"column":6},"end":{"line":46,"column":7}},{"start":{"line":37,"column":13},"end":{"line":46,"column":7}}],"line":30},"8":{"loc":{"start":{"line":33,"column":8},"end":{"line":35,"column":9}},"type":"if","locations":[{"start":{"line":33,"column":8},"end":{"line":35,"column":9}},{"start":{},"end":{}}],"line":33},"9":{"loc":{"start":{"line":37,"column":13},"end":{"line":46,"column":7}},"type":"if","locations":[{"start":{"line":37,"column":13},"end":{"line":46,"column":7}},{"start":{"line":41,"column":13},"end":{"line":46,"column":7}}],"line":37},"10":{"loc":{"start":{"line":38,"column":8},"end":{"line":40,"column":9}},"type":"if","locations":[{"start":{"line":38,"column":8},"end":{"line":40,"column":9}},{"start":{},"end":{}}],"line":38},"11":{"loc":{"start":{"line":42,"column":8},"end":{"line":44,"column":9}},"type":"if","locations":[{"start":{"line":42,"column":8},"end":{"line":44,"column":9}},{"start":{},"end":{}}],"line":42},"12":{"loc":{"start":{"line":60,"column":111},"end":{"line":60,"column":131}},"type":"binary-expr","locations":[{"start":{"line":60,"column":111},"end":{"line":60,"column":123}},{"start":{"line":60,"column":127},"end":{"line":60,"column":131}}],"line":60}},"s":{"0":10,"1":3,"2":1,"3":1,"4":1,"5":0,"6":1,"7":1,"8":1,"9":2,"10":2,"11":10,"12":1,"13":1,"14":0,"15":0,"16":0,"17":0,"18":0,"19":0,"20":0,"21":0,"22":0,"23":0,"24":0,"25":0,"26":0,"27":0,"28":0,"29":0,"30":0,"31":0,"32":0,"33":1,"34":1,"35":10,"36":0,"37":0,"38":10,"39":2,"40":2},"f":{"0":3,"1":1,"2":0,"3":0,"4":0,"5":0,"6":2},"b":{"0":[1,2],"1":[0,1],"2":[1,0],"3":[2,0],"4":[1],"5":[1],"6":[0,1],"7":[0,0],"8":[0,0],"9":[0,0],"10":[0,0],"11":[0,0],"12":[2,0]},"inputSourceMap":null,"_coverageSchema":"1a1c01bbd47fc00a2c39e90264f33305004495a9","hash":"b9a3831a114f6029ecb37c0afdb701d7c64c27aa"}
,"E:\\Sunrise Connect\\backend\\src\\controllers\\StudentController.js": {"path":"E:\\Sunrise Connect\\backend\\src\\controllers\\StudentController.js","statementMap":{"0":{"start":{"line":9,"column":25},"end":{"line":12,"column":4}},"1":{"start":{"line":10,"column":20},"end":{"line":10,"column":95}},"2":{"start":{"line":11,"column":4},"end":{"line":11,"column":36}},"3":{"start":{"line":15,"column":24},"end":{"line":22,"column":4}},"4":{"start":{"line":16,"column":48},"end":{"line":16,"column":57}},"5":{"start":{"line":17,"column":4},"end":{"line":19,"column":5}},"6":{"start":{"line":18,"column":6},"end":{"line":18,"column":36}},"7":{"start":{"line":20,"column":21},"end":{"line":20,"column":108}},"8":{"start":{"line":21,"column":4},"end":{"line":21,"column":37}},"9":{"start":{"line":25,"column":22},"end":{"line":32,"column":4}},"10":{"start":{"line":26,"column":20},"end":{"line":26,"column":66}},"11":{"start":{"line":27,"column":24},"end":{"line":27,"column":110}},"12":{"start":{"line":28,"column":4},"end":{"line":30,"column":5}},"13":{"start":{"line":29,"column":6},"end":{"line":29,"column":81}},"14":{"start":{"line":31,"column":4},"end":{"line":31,"column":36}},"15":{"start":{"line":35,"column":25},"end":{"line":38,"column":4}},"16":{"start":{"line":36,"column":20},"end":{"line":36,"column":110}},"17":{"start":{"line":37,"column":4},"end":{"line":37,"column":36}},"18":{"start":{"line":41,"column":25},"end":{"line":44,"column":4}},"19":{"start":{"line":42,"column":4},"end":{"line":42,"column":67}},"20":{"start":{"line":43,"column":4},"end":{"line":43,"column":65}},"21":{"start":{"line":47,"column":29},"end":{"line":50,"column":4}},"22":{"start":{"line":48,"column":19},"end":{"line":48,"column":79}},"23":{"start":{"line":49,"column":4},"end":{"line":49,"column":107}},"24":{"start":{"line":53,"column":24},"end":{"line":58,"column":4}},"25":{"start":{"line":54,"column":32},"end":{"line":54,"column":40}},"26":{"start":{"line":55,"column":4},"end":{"line":55,"column":85}},"27":{"start":{"line":55,"column":29},"end":{"line":55,"column":85}},"28":{"start":{"line":56,"column":19},"end":{"line":56,"column":84}},"29":{"start":{"line":57,"column":4},"end":{"line":57,"column":68}},"30":{"start":{"line":61,"column":27},"end":{"line":68,"column":4}},"31":{"start":{"line":62,"column":79},"end":{"line":62,"column":87}},"32":{"start":{"line":63,"column":4},"end":{"line":65,"column":5}},"33":{"start":{"line":64,"column":6},"end":{"line":64,"column":71}},"34":{"start":{"line":66,"column":19},"end":{"line":66,"column":132}},"35":{"start":{"line":67,"column":4},"end":{"line":67,"column":35}},"36":{"start":{"line":71,"column":26},"end":{"line":78,"column":4}},"37":{"start":{"line":72,"column":25},"end":{"line":72,"column":33}},"38":{"start":{"line":73,"column":4},"end":{"line":75,"column":5}},"39":{"start":{"line":74,"column":6},"end":{"line":74,"column":72}},"40":{"start":{"line":76,"column":19},"end":{"line":76,"column":64}},"41":{"start":{"line":77,"column":4},"end":{"line":77,"column":35}}},"fnMap":{"0":{"name":"(anonymous_0)","decl":{"start":{"line":9,"column":36},"end":{"line":9,"column":37}},"loc":{"start":{"line":9,"column":56},"end":{"line":12,"column":3}},"line":9},"1":{"name":"(anonymous_1)","decl":{"start":{"line":15,"column":35},"end":{"line":15,"column":36}},"loc":{"start":{"line":15,"column":55},"end":{"line":22,"column":3}},"line":15},"2":{"name":"(anonymous_2)","decl":{"start":{"line":25,"column":33},"end":{"line":25,"column":34}},"loc":{"start":{"line":25,"column":53},"end":{"line":32,"column":3}},"line":25},"3":{"name":"(anonymous_3)","decl":{"start":{"line":35,"column":36},"end":{"line":35,"column":37}},"loc":{"start":{"line":35,"column":56},"end":{"line":38,"column":3}},"line":35},"4":{"name":"(anonymous_4)","decl":{"start":{"line":41,"column":36},"end":{"line":41,"column":37}},"loc":{"start":{"line":41,"column":56},"end":{"line":44,"column":3}},"line":41},"5":{"name":"(anonymous_5)","decl":{"start":{"line":47,"column":40},"end":{"line":47,"column":41}},"loc":{"start":{"line":47,"column":60},"end":{"line":50,"column":3}},"line":47},"6":{"name":"(anonymous_6)","decl":{"start":{"line":53,"column":35},"end":{"line":53,"column":36}},"loc":{"start":{"line":53,"column":55},"end":{"line":58,"column":3}},"line":53},"7":{"name":"(anonymous_7)","decl":{"start":{"line":61,"column":38},"end":{"line":61,"column":39}},"loc":{"start":{"line":61,"column":58},"end":{"line":68,"column":3}},"line":61},"8":{"name":"(anonymous_8)","decl":{"start":{"line":71,"column":37},"end":{"line":71,"column":38}},"loc":{"start":{"line":71,"column":57},"end":{"line":78,"column":3}},"line":71}},"branchMap":{"0":{"loc":{"start":{"line":10,"column":65},"end":{"line":10,"column":94}},"type":"binary-expr","locations":[{"start":{"line":10,"column":65},"end":{"line":10,"column":78}},{"start":{"line":10,"column":82},"end":{"line":10,"column":94}}],"line":10},"1":{"loc":{"start":{"line":16,"column":12},"end":{"line":16,"column":22}},"type":"default-arg","locations":[{"start":{"line":16,"column":20},"end":{"line":16,"column":22}}],"line":16},"2":{"loc":{"start":{"line":16,"column":24},"end":{"line":16,"column":32}},"type":"default-arg","locations":[{"start":{"line":16,"column":31},"end":{"line":16,"column":32}}],"line":16},"3":{"loc":{"start":{"line":17,"column":4},"end":{"line":19,"column":5}},"type":"if","locations":[{"start":{"line":17,"column":4},"end":{"line":19,"column":5}},{"start":{},"end":{}}],"line":17},"4":{"loc":{"start":{"line":27,"column":24},"end":{"line":27,"column":110}},"type":"cond-expr","locations":[{"start":{"line":27,"column":48},"end":{"line":27,"column":79}},{"start":{"line":27,"column":82},"end":{"line":27,"column":110}}],"line":27},"5":{"loc":{"start":{"line":28,"column":4},"end":{"line":30,"column":5}},"type":"if","locations":[{"start":{"line":28,"column":4},"end":{"line":30,"column":5}},{"start":{},"end":{}}],"line":28},"6":{"loc":{"start":{"line":28,"column":8},"end":{"line":28,"column":66}},"type":"binary-expr","locations":[{"start":{"line":28,"column":8},"end":{"line":28,"column":35}},{"start":{"line":28,"column":39},"end":{"line":28,"column":66}}],"line":28},"7":{"loc":{"start":{"line":36,"column":80},"end":{"line":36,"column":109}},"type":"binary-expr","locations":[{"start":{"line":36,"column":80},"end":{"line":36,"column":93}},{"start":{"line":36,"column":97},"end":{"line":36,"column":109}}],"line":36},"8":{"loc":{"start":{"line":55,"column":4},"end":{"line":55,"column":85}},"type":"if","locations":[{"start":{"line":55,"column":4},"end":{"line":55,"column":85}},{"start":{},"end":{}}],"line":55},"9":{"loc":{"start":{"line":55,"column":8},"end":{"line":55,"column":27}},"type":"binary-expr","locations":[{"start":{"line":55,"column":8},"end":{"line":55,"column":16}},{"start":{"line":55,"column":20},"end":{"line":55,"column":27}}],"line":55},"10":{"loc":{"start":{"line":63,"column":4},"end":{"line":65,"column":5}},"type":"if","locations":[{"start":{"line":63,"column":4},"end":{"line":65,"column":5}},{"start":{},"end":{}}],"line":63},"11":{"loc":{"start":{"line":63,"column":8},"end":{"line":63,"column":110}},"type":"binary-expr","locations":[{"start":{"line":63,"column":8},"end":{"line":63,"column":19}},{"start":{"line":63,"column":23},"end":{"line":63,"column":49}},{"start":{"line":63,"column":53},"end":{"line":63,"column":68}},{"start":{"line":63,"column":72},"end":{"line":63,"column":87}},{"start":{"line":63,"column":91},"end":{"line":63,"column":110}}],"line":63},"12":{"loc":{"start":{"line":73,"column":4},"end":{"line":75,"column":5}},"type":"if","locations":[{"start":{"line":73,"column":4},"end":{"line":75,"column":5}},{"start":{},"end":{}}],"line":73},"13":{"loc":{"start":{"line":73,"column":8},"end":{"line":73,"column":45}},"type":"binary-expr","locations":[{"start":{"line":73,"column":8},"end":{"line":73,"column":17}},{"start":{"line":73,"column":21},"end":{"line":73,"column":45}}],"line":73}},"s":{"0":10,"1":1,"2":1,"3":10,"4":3,"5":3,"6":2,"7":3,"8":3,"9":10,"10":1,"11":1,"12":1,"13":1,"14":0,"15":10,"16":0,"17":0,"18":10,"19":0,"20":0,"21":10,"22":0,"23":0,"24":10,"25":0,"26":0,"27":0,"28":0,"29":0,"30":10,"31":0,"32":0,"33":0,"34":0,"35":0,"36":10,"37":0,"38":0,"39":0,"40":0,"41":0},"f":{"0":1,"1":3,"2":1,"3":0,"4":0,"5":0,"6":0,"7":0,"8":0},"b":{"0":[1,1],"1":[2],"2":[3],"3":[2,1],"4":[1,0],"5":[1,0],"6":[1,1],"7":[0,0],"8":[0,0],"9":[0,0],"10":[0,0],"11":[0,0,0,0,0],"12":[0,0],"13":[0,0]},"inputSourceMap":null,"_coverageSchema":"1a1c01bbd47fc00a2c39e90264f33305004495a9","hash":"eb318b2ab549c3426cc7ed5a41ed549e906f90d3"}
,"E:\\Sunrise Connect\\backend\\src\\controllers\\UserController.js": {"path":"E:\\Sunrise Connect\\backend\\src\\controllers\\UserController.js","statementMap":{"0":{"start":{"line":9,"column":23},"end":{"line":16,"column":4}},"1":{"start":{"line":10,"column":38},"end":{"line":10,"column":46}},"2":{"start":{"line":11,"column":4},"end":{"line":11,"column":104}},"3":{"start":{"line":11,"column":38},"end":{"line":11,"column":104}},"4":{"start":{"line":12,"column":4},"end":{"line":12,"column":95}},"5":{"start":{"line":12,"column":29},"end":{"line":12,"column":95}},"6":{"start":{"line":14,"column":17},"end":{"line":14,"column":73}},"7":{"start":{"line":15,"column":4},"end":{"line":15,"column":71}},"8":{"start":{"line":19,"column":21},"end":{"line":22,"column":4}},"9":{"start":{"line":20,"column":18},"end":{"line":20,"column":47}},"10":{"start":{"line":21,"column":4},"end":{"line":21,"column":34}},"11":{"start":{"line":25,"column":24},"end":{"line":28,"column":4}},"12":{"start":{"line":26,"column":19},"end":{"line":26,"column":69}},"13":{"start":{"line":27,"column":4},"end":{"line":27,"column":101}},"14":{"start":{"line":31,"column":25},"end":{"line":36,"column":4}},"15":{"start":{"line":32,"column":28},"end":{"line":32,"column":36}},"16":{"start":{"line":33,"column":4},"end":{"line":33,"column":118}},"17":{"start":{"line":33,"column":48},"end":{"line":33,"column":118}},"18":{"start":{"line":34,"column":19},"end":{"line":34,"column":83}},"19":{"start":{"line":35,"column":4},"end":{"line":35,"column":35}},"20":{"start":{"line":39,"column":23},"end":{"line":42,"column":4}},"21":{"start":{"line":40,"column":19},"end":{"line":40,"column":63}},"22":{"start":{"line":41,"column":4},"end":{"line":41,"column":73}}},"fnMap":{"0":{"name":"(anonymous_0)","decl":{"start":{"line":9,"column":34},"end":{"line":9,"column":35}},"loc":{"start":{"line":9,"column":54},"end":{"line":16,"column":3}},"line":9},"1":{"name":"(anonymous_1)","decl":{"start":{"line":19,"column":32},"end":{"line":19,"column":33}},"loc":{"start":{"line":19,"column":52},"end":{"line":22,"column":3}},"line":19},"2":{"name":"(anonymous_2)","decl":{"start":{"line":25,"column":35},"end":{"line":25,"column":36}},"loc":{"start":{"line":25,"column":55},"end":{"line":28,"column":3}},"line":25},"3":{"name":"(anonymous_3)","decl":{"start":{"line":31,"column":36},"end":{"line":31,"column":37}},"loc":{"start":{"line":31,"column":56},"end":{"line":36,"column":3}},"line":31},"4":{"name":"(anonymous_4)","decl":{"start":{"line":39,"column":34},"end":{"line":39,"column":35}},"loc":{"start":{"line":39,"column":54},"end":{"line":42,"column":3}},"line":39}},"branchMap":{"0":{"loc":{"start":{"line":11,"column":4},"end":{"line":11,"column":104}},"type":"if","locations":[{"start":{"line":11,"column":4},"end":{"line":11,"column":104}},{"start":{},"end":{}}],"line":11},"1":{"loc":{"start":{"line":11,"column":8},"end":{"line":11,"column":36}},"type":"binary-expr","locations":[{"start":{"line":11,"column":8},"end":{"line":11,"column":13}},{"start":{"line":11,"column":17},"end":{"line":11,"column":23}},{"start":{"line":11,"column":27},"end":{"line":11,"column":36}}],"line":11},"2":{"loc":{"start":{"line":12,"column":4},"end":{"line":12,"column":95}},"type":"if","locations":[{"start":{"line":12,"column":4},"end":{"line":12,"column":95}},{"start":{},"end":{}}],"line":12},"3":{"loc":{"start":{"line":27,"column":52},"end":{"line":27,"column":97}},"type":"cond-expr","locations":[{"start":{"line":27,"column":70},"end":{"line":27,"column":81}},{"start":{"line":27,"column":84},"end":{"line":27,"column":97}}],"line":27},"4":{"loc":{"start":{"line":33,"column":4},"end":{"line":33,"column":118}},"type":"if","locations":[{"start":{"line":33,"column":4},"end":{"line":33,"column":118}},{"start":{},"end":{}}],"line":33},"5":{"loc":{"start":{"line":33,"column":8},"end":{"line":33,"column":46}},"type":"binary-expr","locations":[{"start":{"line":33,"column":8},"end":{"line":33,"column":20}},{"start":{"line":33,"column":24},"end":{"line":33,"column":46}}],"line":33}},"s":{"0":9,"1":0,"2":0,"3":0,"4":0,"5":0,"6":0,"7":0,"8":9,"9":0,"10":0,"11":9,"12":0,"13":0,"14":9,"15":0,"16":0,"17":0,"18":0,"19":0,"20":9,"21":0,"22":0},"f":{"0":0,"1":0,"2":0,"3":0,"4":0},"b":{"0":[0,0],"1":[0,0,0],"2":[0,0],"3":[0,0],"4":[0,0],"5":[0,0]},"inputSourceMap":null,"_coverageSchema":"1a1c01bbd47fc00a2c39e90264f33305004495a9","hash":"6bd02491d2fb4fc19bae84d4faa828d6406de7b2"}
,"E:\\Sunrise Connect\\backend\\src\\middlewares\\auth.middleware.js": {"path":"E:\\Sunrise Connect\\backend\\src\\middlewares\\auth.middleware.js","statementMap":{"0":{"start":{"line":7,"column":21},"end":{"line":20,"column":1}},"1":{"start":{"line":8,"column":21},"end":{"line":8,"column":46}},"2":{"start":{"line":9,"column":2},"end":{"line":11,"column":3}},"3":{"start":{"line":10,"column":4},"end":{"line":10,"column":80}},"4":{"start":{"line":12,"column":16},"end":{"line":12,"column":40}},"5":{"start":{"line":13,"column":2},"end":{"line":19,"column":3}},"6":{"start":{"line":14,"column":20},"end":{"line":14,"column":53}},"7":{"start":{"line":15,"column":4},"end":{"line":15,"column":23}},"8":{"start":{"line":16,"column":4},"end":{"line":16,"column":18}},"9":{"start":{"line":18,"column":4},"end":{"line":18,"column":63}}},"fnMap":{"0":{"name":"(anonymous_0)","decl":{"start":{"line":7,"column":21},"end":{"line":7,"column":22}},"loc":{"start":{"line":7,"column":41},"end":{"line":20,"column":1}},"line":7}},"branchMap":{"0":{"loc":{"start":{"line":9,"column":2},"end":{"line":11,"column":3}},"type":"if","locations":[{"start":{"line":9,"column":2},"end":{"line":11,"column":3}},{"start":{},"end":{}}],"line":9},"1":{"loc":{"start":{"line":9,"column":6},"end":{"line":9,"column":54}},"type":"binary-expr","locations":[{"start":{"line":9,"column":6},"end":{"line":9,"column":17}},{"start":{"line":9,"column":21},"end":{"line":9,"column":54}}],"line":9}},"s":{"0":9,"1":44,"2":44,"3":6,"4":38,"5":38,"6":38,"7":38,"8":38,"9":0},"f":{"0":44},"b":{"0":[6,38],"1":[44,38]},"inputSourceMap":null,"_coverageSchema":"1a1c01bbd47fc00a2c39e90264f33305004495a9","hash":"c118d4ac63e53f2432eee588e79564da4b6cb183"}
,"E:\\Sunrise Connect\\backend\\src\\middlewares\\authorize.middleware.js": {"path":"E:\\Sunrise Connect\\backend\\src\\middlewares\\authorize.middleware.js","statementMap":{"0":{"start":{"line":6,"column":18},"end":{"line":12,"column":1}},"1":{"start":{"line":6,"column":32},"end":{"line":12,"column":1}},"2":{"start":{"line":7,"column":2},"end":{"line":7,"column":69}},"3":{"start":{"line":7,"column":17},"end":{"line":7,"column":69}},"4":{"start":{"line":8,"column":2},"end":{"line":10,"column":3}},"5":{"start":{"line":9,"column":4},"end":{"line":9,"column":88}},"6":{"start":{"line":11,"column":2},"end":{"line":11,"column":16}}},"fnMap":{"0":{"name":"(anonymous_0)","decl":{"start":{"line":6,"column":18},"end":{"line":6,"column":19}},"loc":{"start":{"line":6,"column":32},"end":{"line":12,"column":1}},"line":6},"1":{"name":"(anonymous_1)","decl":{"start":{"line":6,"column":32},"end":{"line":6,"column":33}},"loc":{"start":{"line":6,"column":52},"end":{"line":12,"column":1}},"line":6}},"branchMap":{"0":{"loc":{"start":{"line":7,"column":2},"end":{"line":7,"column":69}},"type":"if","locations":[{"start":{"line":7,"column":2},"end":{"line":7,"column":69}},{"start":{},"end":{}}],"line":7},"1":{"loc":{"start":{"line":8,"column":2},"end":{"line":10,"column":3}},"type":"if","locations":[{"start":{"line":8,"column":2},"end":{"line":10,"column":3}},{"start":{},"end":{}}],"line":8}},"s":{"0":9,"1":342,"2":37,"3":0,"4":37,"5":6,"6":31},"f":{"0":342,"1":37},"b":{"0":[0,37],"1":[6,31]},"inputSourceMap":null,"_coverageSchema":"1a1c01bbd47fc00a2c39e90264f33305004495a9","hash":"c5b8bcc179965d7ded2a1df0e7d2563a60c1621a"}
,"E:\\Sunrise Connect\\backend\\src\\middlewares\\error.middleware.js": {"path":"E:\\Sunrise Connect\\backend\\src\\middlewares\\error.middleware.js","statementMap":{"0":{"start":{"line":4,"column":34},"end":{"line":35,"column":1}},"1":{"start":{"line":5,"column":2},"end":{"line":5,"column":41}},"2":{"start":{"line":6,"column":2},"end":{"line":6,"column":37}},"3":{"start":{"line":8,"column":2},"end":{"line":34,"column":3}},"4":{"start":{"line":9,"column":4},"end":{"line":9,"column":72}},"5":{"start":{"line":10,"column":4},"end":{"line":16,"column":7}},"6":{"start":{"line":19,"column":4},"end":{"line":33,"column":5}},"7":{"start":{"line":20,"column":6},"end":{"line":24,"column":9}},"8":{"start":{"line":27,"column":6},"end":{"line":27,"column":36}},"9":{"start":{"line":28,"column":6},"end":{"line":32,"column":9}}},"fnMap":{"0":{"name":"(anonymous_0)","decl":{"start":{"line":4,"column":34},"end":{"line":4,"column":35}},"loc":{"start":{"line":4,"column":59},"end":{"line":35,"column":1}},"line":4}},"branchMap":{"0":{"loc":{"start":{"line":5,"column":19},"end":{"line":5,"column":40}},"type":"binary-expr","locations":[{"start":{"line":5,"column":19},"end":{"line":5,"column":33}},{"start":{"line":5,"column":37},"end":{"line":5,"column":40}}],"line":5},"1":{"loc":{"start":{"line":6,"column":15},"end":{"line":6,"column":36}},"type":"binary-expr","locations":[{"start":{"line":6,"column":15},"end":{"line":6,"column":25}},{"start":{"line":6,"column":29},"end":{"line":6,"column":36}}],"line":6},"2":{"loc":{"start":{"line":8,"column":2},"end":{"line":34,"column":3}},"type":"if","locations":[{"start":{"line":8,"column":2},"end":{"line":34,"column":3}},{"start":{"line":17,"column":9},"end":{"line":34,"column":3}}],"line":8},"3":{"loc":{"start":{"line":19,"column":4},"end":{"line":33,"column":5}},"type":"if","locations":[{"start":{"line":19,"column":4},"end":{"line":33,"column":5}},{"start":{"line":25,"column":11},"end":{"line":33,"column":5}}],"line":19}},"s":{"0":9,"1":16,"2":16,"3":16,"4":0,"5":0,"6":16,"7":16,"8":0,"9":0},"f":{"0":16},"b":{"0":[16,0],"1":[16,16],"2":[0,16],"3":[16,0]},"inputSourceMap":null,"_coverageSchema":"1a1c01bbd47fc00a2c39e90264f33305004495a9","hash":"ee7789acfd21469b9d74d0fcffa80194d17316ec"}
,"E:\\Sunrise Connect\\backend\\src\\middlewares\\idempotency.middleware.js": {"path":"E:\\Sunrise Connect\\backend\\src\\middlewares\\idempotency.middleware.js","statementMap":{"0":{"start":{"line":6,"column":22},"end":{"line":6,"column":31}},"1":{"start":{"line":7,"column":15},"end":{"line":7,"column":34}},"2":{"start":{"line":9,"column":20},"end":{"line":29,"column":1}},"3":{"start":{"line":10,"column":14},"end":{"line":10,"column":44}},"4":{"start":{"line":11,"column":2},"end":{"line":13,"column":3}},"5":{"start":{"line":12,"column":4},"end":{"line":12,"column":91}},"6":{"start":{"line":15,"column":19},"end":{"line":15,"column":41}},"7":{"start":{"line":16,"column":2},"end":{"line":19,"column":3}},"8":{"start":{"line":18,"column":4},"end":{"line":18,"column":59}},"9":{"start":{"line":22,"column":23},"end":{"line":22,"column":41}},"10":{"start":{"line":23,"column":2},"end":{"line":26,"column":4}},"11":{"start":{"line":24,"column":4},"end":{"line":24,"column":77}},"12":{"start":{"line":25,"column":4},"end":{"line":25,"column":30}},"13":{"start":{"line":28,"column":2},"end":{"line":28,"column":16}}},"fnMap":{"0":{"name":"(anonymous_0)","decl":{"start":{"line":9,"column":20},"end":{"line":9,"column":21}},"loc":{"start":{"line":9,"column":40},"end":{"line":29,"column":1}},"line":9},"1":{"name":"(anonymous_1)","decl":{"start":{"line":23,"column":13},"end":{"line":23,"column":14}},"loc":{"start":{"line":23,"column":23},"end":{"line":26,"column":3}},"line":23}},"branchMap":{"0":{"loc":{"start":{"line":11,"column":2},"end":{"line":13,"column":3}},"type":"if","locations":[{"start":{"line":11,"column":2},"end":{"line":13,"column":3}},{"start":{},"end":{}}],"line":11},"1":{"loc":{"start":{"line":16,"column":2},"end":{"line":19,"column":3}},"type":"if","locations":[{"start":{"line":16,"column":2},"end":{"line":19,"column":3}},{"start":{},"end":{}}],"line":16},"2":{"loc":{"start":{"line":16,"column":6},"end":{"line":16,"column":51}},"type":"binary-expr","locations":[{"start":{"line":16,"column":6},"end":{"line":16,"column":14}},{"start":{"line":16,"column":18},"end":{"line":16,"column":51}}],"line":16}},"s":{"0":9,"1":9,"2":9,"3":5,"4":5,"5":1,"6":4,"7":4,"8":1,"9":3,"10":3,"11":3,"12":3,"13":3},"f":{"0":5,"1":3},"b":{"0":[1,4],"1":[1,3],"2":[4,1]},"inputSourceMap":null,"_coverageSchema":"1a1c01bbd47fc00a2c39e90264f33305004495a9","hash":"bd637b05397585cee93981d205b710215fde7108"}
,"E:\\Sunrise Connect\\backend\\src\\middlewares\\rateLimit.middleware.js": {"path":"E:\\Sunrise Connect\\backend\\src\\middlewares\\rateLimit.middleware.js","statementMap":{"0":{"start":{"line":6,"column":14},"end":{"line":6,"column":23}},"1":{"start":{"line":12,"column":18},"end":{"line":23,"column":3}},"2":{"start":{"line":13,"column":2},"end":{"line":23,"column":3}},"3":{"start":{"line":14,"column":16},"end":{"line":14,"column":35}},"4":{"start":{"line":15,"column":16},"end":{"line":15,"column":26}},"5":{"start":{"line":16,"column":23},"end":{"line":16,"column":77}},"6":{"start":{"line":16,"column":58},"end":{"line":16,"column":76}},"7":{"start":{"line":17,"column":4},"end":{"line":19,"column":5}},"8":{"start":{"line":18,"column":6},"end":{"line":18,"column":83}},"9":{"start":{"line":20,"column":4},"end":{"line":20,"column":25}},"10":{"start":{"line":21,"column":4},"end":{"line":21,"column":31}},"11":{"start":{"line":22,"column":4},"end":{"line":22,"column":18}},"12":{"start":{"line":26,"column":29},"end":{"line":26,"column":80}},"13":{"start":{"line":29,"column":28},"end":{"line":29,"column":79}}},"fnMap":{"0":{"name":"(anonymous_0)","decl":{"start":{"line":12,"column":18},"end":{"line":12,"column":19}},"loc":{"start":{"line":13,"column":2},"end":{"line":23,"column":3}},"line":13},"1":{"name":"(anonymous_1)","decl":{"start":{"line":13,"column":2},"end":{"line":13,"column":3}},"loc":{"start":{"line":13,"column":22},"end":{"line":23,"column":3}},"line":13},"2":{"name":"(anonymous_2)","decl":{"start":{"line":16,"column":53},"end":{"line":16,"column":54}},"loc":{"start":{"line":16,"column":58},"end":{"line":16,"column":76}},"line":16}},"branchMap":{"0":{"loc":{"start":{"line":12,"column":19},"end":{"line":12,"column":66}},"type":"default-arg","locations":[{"start":{"line":12,"column":64},"end":{"line":12,"column":66}}],"line":12},"1":{"loc":{"start":{"line":12,"column":21},"end":{"line":12,"column":47}},"type":"default-arg","locations":[{"start":{"line":12,"column":32},"end":{"line":12,"column":47}}],"line":12},"2":{"loc":{"start":{"line":12,"column":49},"end":{"line":12,"column":59}},"type":"default-arg","locations":[{"start":{"line":12,"column":55},"end":{"line":12,"column":59}}],"line":12},"3":{"loc":{"start":{"line":14,"column":16},"end":{"line":14,"column":35}},"type":"binary-expr","locations":[{"start":{"line":14,"column":16},"end":{"line":14,"column":22}},{"start":{"line":14,"column":26},"end":{"line":14,"column":35}}],"line":14},"4":{"loc":{"start":{"line":16,"column":24},"end":{"line":16,"column":44}},"type":"binary-expr","locations":[{"start":{"line":16,"column":24},"end":{"line":16,"column":38}},{"start":{"line":16,"column":42},"end":{"line":16,"column":44}}],"line":16},"5":{"loc":{"start":{"line":17,"column":4},"end":{"line":19,"column":5}},"type":"if","locations":[{"start":{"line":17,"column":4},"end":{"line":19,"column":5}},{"start":{},"end":{}}],"line":17}},"s":{"0":9,"1":9,"2":18,"3":62,"4":62,"5":62,"6":313,"7":62,"8":0,"9":62,"10":62,"11":62,"12":9,"13":9},"f":{"0":18,"1":62,"2":313},"b":{"0":[0],"1":[0],"2":[0],"3":[62,0],"4":[62,9],"5":[0,62]},"inputSourceMap":null,"_coverageSchema":"1a1c01bbd47fc00a2c39e90264f33305004495a9","hash":"629ed274aa56d608135e56e6d95f1228cbc2d046"}
,"E:\\Sunrise Connect\\backend\\src\\middlewares\\validate.middleware.js": {"path":"E:\\Sunrise Connect\\backend\\src\\middlewares\\validate.middleware.js","statementMap":{"0":{"start":{"line":1,"column":24},"end":{"line":27,"column":1}},"1":{"start":{"line":1,"column":36},"end":{"line":27,"column":1}},"2":{"start":{"line":2,"column":2},"end":{"line":26,"column":3}},"3":{"start":{"line":3,"column":4},"end":{"line":5,"column":5}},"4":{"start":{"line":4,"column":6},"end":{"line":4,"column":45}},"5":{"start":{"line":6,"column":4},"end":{"line":11,"column":5}},"6":{"start":{"line":7,"column":6},"end":{"line":10,"column":9}},"7":{"start":{"line":12,"column":4},"end":{"line":17,"column":5}},"8":{"start":{"line":13,"column":6},"end":{"line":16,"column":9}},"9":{"start":{"line":18,"column":4},"end":{"line":18,"column":11}},"10":{"start":{"line":20,"column":4},"end":{"line":20,"column":57}},"11":{"start":{"line":21,"column":4},"end":{"line":25,"column":7}}},"fnMap":{"0":{"name":"(anonymous_0)","decl":{"start":{"line":1,"column":24},"end":{"line":1,"column":25}},"loc":{"start":{"line":1,"column":36},"end":{"line":27,"column":1}},"line":1},"1":{"name":"(anonymous_1)","decl":{"start":{"line":1,"column":36},"end":{"line":1,"column":37}},"loc":{"start":{"line":1,"column":56},"end":{"line":27,"column":1}},"line":1}},"branchMap":{"0":{"loc":{"start":{"line":3,"column":4},"end":{"line":5,"column":5}},"type":"if","locations":[{"start":{"line":3,"column":4},"end":{"line":5,"column":5}},{"start":{},"end":{}}],"line":3},"1":{"loc":{"start":{"line":6,"column":4},"end":{"line":11,"column":5}},"type":"if","locations":[{"start":{"line":6,"column":4},"end":{"line":11,"column":5}},{"start":{},"end":{}}],"line":6},"2":{"loc":{"start":{"line":12,"column":4},"end":{"line":17,"column":5}},"type":"if","locations":[{"start":{"line":12,"column":4},"end":{"line":17,"column":5}},{"start":{},"end":{}}],"line":12}},"s":{"0":9,"1":216,"2":32,"3":32,"4":27,"5":20,"6":5,"7":20,"8":7,"9":20,"10":12,"11":12},"f":{"0":216,"1":32},"b":{"0":[27,5],"1":[5,15],"2":[7,13]},"inputSourceMap":null,"_coverageSchema":"1a1c01bbd47fc00a2c39e90264f33305004495a9","hash":"5ab78427bae51d87d81c755d3cdcd7e3c1eb4714"}
,"E:\\Sunrise Connect\\backend\\src\\models\\AcademicYear.js": {"path":"E:\\Sunrise Connect\\backend\\src\\models\\AcademicYear.js","statementMap":{"0":{"start":{"line":3,"column":27},"end":{"line":27,"column":1}},"1":{"start":{"line":30,"column":0},"end":{"line":37,"column":3}},"2":{"start":{"line":31,"column":2},"end":{"line":36,"column":3}},"3":{"start":{"line":32,"column":4},"end":{"line":35,"column":6}},"4":{"start":{"line":39,"column":21},"end":{"line":39,"column":71}}},"fnMap":{"0":{"name":"(anonymous_0)","decl":{"start":{"line":30,"column":31},"end":{"line":30,"column":32}},"loc":{"start":{"line":30,"column":48},"end":{"line":37,"column":1}},"line":30}},"branchMap":{"0":{"loc":{"start":{"line":31,"column":2},"end":{"line":36,"column":3}},"type":"if","locations":[{"start":{"line":31,"column":2},"end":{"line":36,"column":3}},{"start":{},"end":{}}],"line":31}},"s":{"0":11,"1":11,"2":8,"3":8,"4":11},"f":{"0":8},"b":{"0":[8,0]},"inputSourceMap":null,"_coverageSchema":"1a1c01bbd47fc00a2c39e90264f33305004495a9","hash":"b5498f1d7f0e4949a0487a09eb865b6d99afc120"}
,"E:\\Sunrise Connect\\backend\\src\\models\\AuditLog.js": {"path":"E:\\Sunrise Connect\\backend\\src\\models\\AuditLog.js","statementMap":{"0":{"start":{"line":6,"column":23},"end":{"line":61,"column":1}},"1":{"start":{"line":64,"column":0},"end":{"line":64,"column":51}},"2":{"start":{"line":65,"column":0},"end":{"line":65,"column":59}},"3":{"start":{"line":66,"column":0},"end":{"line":66,"column":59}},"4":{"start":{"line":68,"column":17},"end":{"line":68,"column":59}}},"fnMap":{},"branchMap":{},"s":{"0":15,"1":15,"2":15,"3":15,"4":15},"f":{},"b":{},"inputSourceMap":null,"_coverageSchema":"1a1c01bbd47fc00a2c39e90264f33305004495a9","hash":"4592085e2c8f9d3642ace20c0c3884aefa632130"}
,"E:\\Sunrise Connect\\backend\\src\\models\\FeeCategory.js": {"path":"E:\\Sunrise Connect\\backend\\src\\models\\FeeCategory.js","statementMap":{"0":{"start":{"line":3,"column":26},"end":{"line":34,"column":1}},"1":{"start":{"line":39,"column":0},"end":{"line":39,"column":50}},"2":{"start":{"line":41,"column":20},"end":{"line":41,"column":68}}},"fnMap":{},"branchMap":{},"s":{"0":11,"1":11,"2":11},"f":{},"b":{},"inputSourceMap":null,"_coverageSchema":"1a1c01bbd47fc00a2c39e90264f33305004495a9","hash":"37be5ff7c1de717bcc5a878ce239ad45aa1074b4"}
,"E:\\Sunrise Connect\\backend\\src\\models\\FeeStructure.js": {"path":"E:\\Sunrise Connect\\backend\\src\\models\\FeeStructure.js","statementMap":{"0":{"start":{"line":3,"column":27},"end":{"line":66,"column":1}},"1":{"start":{"line":72,"column":0},"end":{"line":72,"column":71}},"2":{"start":{"line":76,"column":0},"end":{"line":76,"column":42}},"3":{"start":{"line":78,"column":21},"end":{"line":78,"column":71}}},"fnMap":{},"branchMap":{},"s":{"0":11,"1":11,"2":11,"3":11},"f":{},"b":{},"inputSourceMap":null,"_coverageSchema":"1a1c01bbd47fc00a2c39e90264f33305004495a9","hash":"9553bd19f06b615c49f029a5c2f1934400a44bfc"}
,"E:\\Sunrise Connect\\backend\\src\\models\\Parent.js": {"path":"E:\\Sunrise Connect\\backend\\src\\models\\Parent.js","statementMap":{"0":{"start":{"line":4,"column":21},"end":{"line":61,"column":1}},"1":{"start":{"line":64,"column":0},"end":{"line":67,"column":2}},"2":{"start":{"line":69,"column":15},"end":{"line":69,"column":53}}},"fnMap":{},"branchMap":{},"s":{"0":17,"1":17,"2":17},"f":{},"b":{},"inputSourceMap":null,"_coverageSchema":"1a1c01bbd47fc00a2c39e90264f33305004495a9","hash":"d4c9a0dfc24a5f9c3a396ff2727d1a541a20ee58"}
,"E:\\Sunrise Connect\\backend\\src\\models\\Payment.js": {"path":"E:\\Sunrise Connect\\backend\\src\\models\\Payment.js","statementMap":{"0":{"start":{"line":6,"column":22},"end":{"line":41,"column":1}},"1":{"start":{"line":44,"column":0},"end":{"line":44,"column":52}},"2":{"start":{"line":46,"column":16},"end":{"line":46,"column":56}}},"fnMap":{},"branchMap":{},"s":{"0":15,"1":15,"2":15},"f":{},"b":{},"inputSourceMap":null,"_coverageSchema":"1a1c01bbd47fc00a2c39e90264f33305004495a9","hash":"7c33622820d08bca40bbe04603d77ee40a0ee75d"}
,"E:\\Sunrise Connect\\backend\\src\\models\\Student.js": {"path":"E:\\Sunrise Connect\\backend\\src\\models\\Student.js","statementMap":{"0":{"start":{"line":3,"column":22},"end":{"line":73,"column":1}},"1":{"start":{"line":79,"column":0},"end":{"line":79,"column":37}},"2":{"start":{"line":84,"column":0},"end":{"line":84,"column":82}},"3":{"start":{"line":88,"column":0},"end":{"line":88,"column":40}},"4":{"start":{"line":93,"column":0},"end":{"line":93,"column":61}},"5":{"start":{"line":97,"column":0},"end":{"line":97,"column":42}},"6":{"start":{"line":98,"column":0},"end":{"line":98,"column":34}},"7":{"start":{"line":99,"column":0},"end":{"line":99,"column":37}},"8":{"start":{"line":101,"column":16},"end":{"line":101,"column":56}}},"fnMap":{},"branchMap":{},"s":{"0":16,"1":16,"2":16,"3":16,"4":16,"5":16,"6":16,"7":16,"8":16},"f":{},"b":{},"inputSourceMap":null,"_coverageSchema":"1a1c01bbd47fc00a2c39e90264f33305004495a9","hash":"b5b1a3cc5580abd72355ce4f8d4fc88d17bfbca2"}
,"E:\\Sunrise Connect\\backend\\src\\models\\StudentFeeLedger.js": {"path":"E:\\Sunrise Connect\\backend\\src\\models\\StudentFeeLedger.js","statementMap":{"0":{"start":{"line":4,"column":23},"end":{"line":14,"column":1}},"1":{"start":{"line":17,"column":31},"end":{"line":119,"column":1}},"2":{"start":{"line":127,"column":0},"end":{"line":127,"column":114}},"3":{"start":{"line":131,"column":0},"end":{"line":131,"column":75}},"4":{"start":{"line":135,"column":0},"end":{"line":135,"column":61}},"5":{"start":{"line":140,"column":0},"end":{"line":140,"column":131}},"6":{"start":{"line":144,"column":0},"end":{"line":144,"column":56}},"7":{"start":{"line":148,"column":0},"end":{"line":148,"column":59}},"8":{"start":{"line":152,"column":0},"end":{"line":152,"column":48}},"9":{"start":{"line":154,"column":25},"end":{"line":154,"column":83}}},"fnMap":{},"branchMap":{},"s":{"0":16,"1":16,"2":16,"3":16,"4":16,"5":16,"6":16,"7":16,"8":16,"9":16},"f":{},"b":{},"inputSourceMap":null,"_coverageSchema":"1a1c01bbd47fc00a2c39e90264f33305004495a9","hash":"8be973bc2d5ddf3741223789b43e6b0d29095ac4"}
,"E:\\Sunrise Connect\\backend\\src\\models\\TransportFeeStructure.js": {"path":"E:\\Sunrise Connect\\backend\\src\\models\\TransportFeeStructure.js","statementMap":{"0":{"start":{"line":3,"column":36},"end":{"line":35,"column":1}},"1":{"start":{"line":42,"column":0},"end":{"line":48,"column":2}},"2":{"start":{"line":52,"column":0},"end":{"line":52,"column":69}},"3":{"start":{"line":54,"column":30},"end":{"line":54,"column":98}}},"fnMap":{},"branchMap":{},"s":{"0":11,"1":11,"2":11,"3":11},"f":{},"b":{},"inputSourceMap":null,"_coverageSchema":"1a1c01bbd47fc00a2c39e90264f33305004495a9","hash":"49996ee207762cb1b6c5660aa6f9a937fe99a95c"}
,"E:\\Sunrise Connect\\backend\\src\\models\\User.js": {"path":"E:\\Sunrise Connect\\backend\\src\\models\\User.js","statementMap":{"0":{"start":{"line":3,"column":19},"end":{"line":57,"column":1}},"1":{"start":{"line":66,"column":0},"end":{"line":66,"column":43}},"2":{"start":{"line":68,"column":13},"end":{"line":68,"column":47}}},"fnMap":{},"branchMap":{},"s":{"0":15,"1":15,"2":15},"f":{},"b":{},"inputSourceMap":null,"_coverageSchema":"1a1c01bbd47fc00a2c39e90264f33305004495a9","hash":"f253a76517674ea8f41240c18f702318d5c0cbc8"}
,"E:\\Sunrise Connect\\backend\\src\\repositories\\auditRepository.js": {"path":"E:\\Sunrise Connect\\backend\\src\\repositories\\auditRepository.js","statementMap":{"0":{"start":{"line":7,"column":24},"end":{"line":25,"column":1}},"1":{"start":{"line":10,"column":17},"end":{"line":10,"column":43}},"2":{"start":{"line":11,"column":18},"end":{"line":11,"column":53}},"3":{"start":{"line":12,"column":4},"end":{"line":12,"column":15}},"4":{"start":{"line":16,"column":4},"end":{"line":16,"column":40}},"5":{"start":{"line":20,"column":63},"end":{"line":20,"column":67}},"6":{"start":{"line":21,"column":4},"end":{"line":23,"column":14}}},"fnMap":{"0":{"name":"(anonymous_0)","decl":{"start":{"line":9,"column":2},"end":{"line":9,"column":3}},"loc":{"start":{"line":9,"column":37},"end":{"line":13,"column":3}},"line":9},"1":{"name":"(anonymous_1)","decl":{"start":{"line":15,"column":2},"end":{"line":15,"column":3}},"loc":{"start":{"line":15,"column":21},"end":{"line":17,"column":3}},"line":15},"2":{"name":"(anonymous_2)","decl":{"start":{"line":19,"column":2},"end":{"line":19,"column":3}},"loc":{"start":{"line":19,"column":37},"end":{"line":24,"column":3}},"line":19}},"branchMap":{"0":{"loc":{"start":{"line":9,"column":21},"end":{"line":9,"column":35}},"type":"default-arg","locations":[{"start":{"line":9,"column":31},"end":{"line":9,"column":35}}],"line":9},"1":{"loc":{"start":{"line":10,"column":17},"end":{"line":10,"column":43}},"type":"cond-expr","locations":[{"start":{"line":10,"column":27},"end":{"line":10,"column":38}},{"start":{"line":10,"column":41},"end":{"line":10,"column":43}}],"line":10},"2":{"loc":{"start":{"line":19,"column":13},"end":{"line":19,"column":24}},"type":"default-arg","locations":[{"start":{"line":19,"column":22},"end":{"line":19,"column":24}}],"line":19},"3":{"loc":{"start":{"line":19,"column":26},"end":{"line":19,"column":35}},"type":"default-arg","locations":[{"start":{"line":19,"column":33},"end":{"line":19,"column":35}}],"line":19},"4":{"loc":{"start":{"line":20,"column":12},"end":{"line":20,"column":22}},"type":"default-arg","locations":[{"start":{"line":20,"column":20},"end":{"line":20,"column":22}}],"line":20},"5":{"loc":{"start":{"line":20,"column":24},"end":{"line":20,"column":32}},"type":"default-arg","locations":[{"start":{"line":20,"column":31},"end":{"line":20,"column":32}}],"line":20},"6":{"loc":{"start":{"line":20,"column":34},"end":{"line":20,"column":58}},"type":"default-arg","locations":[{"start":{"line":20,"column":41},"end":{"line":20,"column":58}}],"line":20}},"s":{"0":15,"1":21,"2":21,"3":21,"4":1,"5":2,"6":2},"f":{"0":21,"1":1,"2":2},"b":{"0":[6],"1":[15,6],"2":[0],"3":[2],"4":[2],"5":[2],"6":[2]},"inputSourceMap":null,"_coverageSchema":"1a1c01bbd47fc00a2c39e90264f33305004495a9","hash":"08cdba9bc9595a6fc6b61672ddf059b8ac68d6a2"}
[...]
,"E:\\Sunrise Connect\\backend\\src\\services\\UserService.js": {"path":"E:\\Sunrise Connect\\backend\\src\\services\\UserService.js","statementMap":{"0":{"start":{"line":14,"column":4},"end":{"line":14,"column":110}},"1":{"start":{"line":14,"column":26},"end":{"line":14,"column":110}},"2":{"start":{"line":16,"column":21},"end":{"line":16,"column":60}},"3":{"start":{"line":17,"column":4},"end":{"line":17,"column":83}},"4":{"start":{"line":17,"column":18},"end":{"line":17,"column":83}},"5":{"start":{"line":19,"column":25},"end":{"line":19,"column":56}},"6":{"start":{"line":20,"column":17},"end":{"line":20,"column":81}},"7":{"start":{"line":22,"column":4},"end":{"line":26,"column":7}},"8":{"start":{"line":28,"column":4},"end":{"line":28,"column":48}},"9":{"start":{"line":29,"column":4},"end":{"line":29,"column":107}},"10":{"start":{"line":36,"column":4},"end":{"line":36,"column":127}},"11":{"start":{"line":43,"column":17},"end":{"line":43,"column":54}},"12":{"start":{"line":44,"column":4},"end":{"line":44,"column":57}},"13":{"start":{"line":44,"column":15},"end":{"line":44,"column":57}},"14":{"start":{"line":45,"column":4},"end":{"line":45,"column":93}},"15":{"start":{"line":45,"column":31},"end":{"line":45,"column":93}},"16":{"start":{"line":47,"column":22},"end":{"line":47,"column":36}},"17":{"start":{"line":48,"column":4},"end":{"line":48,"column":87}},"18":{"start":{"line":50,"column":4},"end":{"line":54,"column":7}},"19":{"start":{"line":56,"column":4},"end":{"line":56,"column":66}},"20":{"start":{"line":57,"column":4},"end":{"line":57,"column":48}},"21":{"start":{"line":64,"column":17},"end":{"line":64,"column":54}},"22":{"start":{"line":65,"column":4},"end":{"line":65,"column":57}},"23":{"start":{"line":65,"column":15},"end":{"line":65,"column":57}},"24":{"start":{"line":66,"column":4},"end":{"line":66,"column":108}},"25":{"start":{"line":66,"column":31},"end":{"line":66,"column":108}},"26":{"start":{"line":68,"column":25},"end":{"line":68,"column":59}},"27":{"start":{"line":69,"column":4},"end":{"line":69,"column":80}},"28":{"start":{"line":71,"column":4},"end":{"line":75,"column":7}},"29":{"start":{"line":77,"column":4},"end":{"line":77,"column":55}},"30":{"start":{"line":78,"column":4},"end":{"line":78,"column":54}},"31":{"start":{"line":85,"column":17},"end":{"line":85,"column":54}},"32":{"start":{"line":86,"column":4},"end":{"line":86,"column":57}},"33":{"start":{"line":86,"column":15},"end":{"line":86,"column":57}},"34":{"start":{"line":87,"column":4},"end":{"line":87,"column":89}},"35":{"start":{"line":87,"column":31},"end":{"line":87,"column":89}},"36":{"start":{"line":89,"column":4},"end":{"line":89,"column":52}},"37":{"start":{"line":91,"column":4},"end":{"line":99,"column":5}},"38":{"start":{"line":92,"column":6},"end":{"line":96,"column":9}},"39":{"start":{"line":98,"column":6},"end":{"line":98,"column":82}},"40":{"start":{"line":101,"column":4},"end":{"line":101,"column":49}},"41":{"start":{"line":102,"column":4},"end":{"line":102,"column":61}}},"fnMap":{"0":{"name":"(anonymous_0)","decl":{"start":{"line":12,"column":2},"end":{"line":12,"column":3}},"loc":{"start":{"line":12,"column":70},"end":{"line":30,"column":3}},"line":12},"1":{"name":"(anonymous_1)","decl":{"start":{"line":35,"column":2},"end":{"line":35,"column":3}},"loc":{"start":{"line":35,"column":27},"end":{"line":37,"column":3}},"line":35},"2":{"name":"(anonymous_2)","decl":{"start":{"line":42,"column":2},"end":{"line":42,"column":3}},"loc":{"start":{"line":42,"column":41},"end":{"line":58,"column":3}},"line":42},"3":{"name":"(anonymous_3)","decl":{"start":{"line":63,"column":2},"end":{"line":63,"column":3}},"loc":{"start":{"line":63,"column":55},"end":{"line":79,"column":3}},"line":63},"4":{"name":"(anonymous_4)","decl":{"start":{"line":84,"column":2},"end":{"line":84,"column":3}},"loc":{"start":{"line":84,"column":35},"end":{"line":103,"column":3}},"line":84}},"branchMap":{"0":{"loc":{"start":{"line":12,"column":52},"end":{"line":12,"column":66}},"type":"default-arg","locations":[{"start":{"line":12,"column":59},"end":{"line":12,"column":66}}],"line":12},"1":{"loc":{"start":{"line":14,"column":4},"end":{"line":14,"column":110}},"type":"if","locations":[{"start":{"line":14,"column":4},"end":{"line":14,"column":110}},{"start":{},"end":{}}],"line":14},"2":{"loc":{"start":{"line":17,"column":4},"end":{"line":17,"column":83}},"type":"if","locations":[{"start":{"line":17,"column":4},"end":{"line":17,"column":83}},{"start":{},"end":{}}],"line":17},"3":{"loc":{"start":{"line":44,"column":4},"end":{"line":44,"column":57}},"type":"if","locations":[{"start":{"line":44,"column":4},"end":{"line":44,"column":57}},{"start":{},"end":{}}],"line":44},"4":{"loc":{"start":{"line":45,"column":4},"end":{"line":45,"column":93}},"type":"if","locations":[{"start":{"line":45,"column":4},"end":{"line":45,"column":93}},{"start":{},"end":{}}],"line":45},"5":{"loc":{"start":{"line":52,"column":14},"end":{"line":52,"column":65}},"type":"cond-expr","locations":[{"start":{"line":52,"column":26},"end":{"line":52,"column":43}},{"start":{"line":52,"column":46},"end":{"line":52,"column":65}}],"line":52},"6":{"loc":{"start":{"line":65,"column":4},"end":{"line":65,"column":57}},"type":"if","locations":[{"start":{"line":65,"column":4},"end":{"line":65,"column":57}},{"start":{},"end":{}}],"line":65},"7":{"loc":{"start":{"line":66,"column":4},"end":{"line":66,"column":108}},"type":"if","locations":[{"start":{"line":66,"column":4},"end":{"line":66,"column":108}},{"start":{},"end":{}}],"line":66},"8":{"loc":{"start":{"line":86,"column":4},"end":{"line":86,"column":57}},"type":"if","locations":[{"start":{"line":86,"column":4},"end":{"line":86,"column":57}},{"start":{},"end":{}}],"line":86},"9":{"loc":{"start":{"line":87,"column":4},"end":{"line":87,"column":89}},"type":"if","locations":[{"start":{"line":87,"column":4},"end":{"line":87,"column":89}},{"start":{},"end":{}}],"line":87}},"s":{"0":0,"1":0,"2":0,"3":0,"4":0,"5":0,"6":0,"7":0,"8":0,"9":0,"10":0,"11":0,"12":0,"13":0,"14":0,"15":0,"16":0,"17":0,"18":0,"19":0,"20":0,"21":0,"22":0,"23":0,"24":0,"25":0,"26":0,"27":0,"28":0,"29":0,"30":0,"31":0,"32":0,"33":0,"34":0,"35":0,"36":0,"37":0,"38":0,"39":0,"40":0,"41":0},"f":{"0":0,"1":0,"2":0,"3":0,"4":0},"b":{"0":[0],"1":[0,0],"2":[0,0],"3":[0,0],"4":[0,0],"5":[0,0],"6":[0,0],"7":[0,0],"8":[0,0],"9":[0,0]},"inputSourceMap":null,"_coverageSchema":"1a1c01bbd47fc00a2c39e90264f33305004495a9","hash":"f8c0ecc6532fdd4f297ffc9e4c65ae77cbe20185"}
,"E:\\Sunrise Connect\\backend\\src\\tests\\helpers\\dbHelper.js": {"path":"E:\\Sunrise Connect\\backend\\src\\tests\\helpers\\dbHelper.js","statementMap":{"0":{"start":{"line":9,"column":2},"end":{"line":9,"column":44}},"1":{"start":{"line":10,"column":14},"end":{"line":10,"column":29}},"2":{"start":{"line":11,"column":2},"end":{"line":11,"column":30}},"3":{"start":{"line":15,"column":2},"end":{"line":15,"column":43}},"4":{"start":{"line":16,"column":2},"end":{"line":16,"column":36}},"5":{"start":{"line":17,"column":2},"end":{"line":17,"column":22}},"6":{"start":{"line":21,"column":22},"end":{"line":21,"column":53}},"7":{"start":{"line":22,"column":2},"end":{"line":24,"column":3}},"8":{"start":{"line":23,"column":4},"end":{"line":23,"column":42}}},"fnMap":{"0":{"name":"connect","decl":{"start":{"line":8,"column":22},"end":{"line":8,"column":29}},"loc":{"start":{"line":8,"column":32},"end":{"line":12,"column":1}},"line":8},"1":{"name":"disconnect","decl":{"start":{"line":14,"column":22},"end":{"line":14,"column":32}},"loc":{"start":{"line":14,"column":35},"end":{"line":18,"column":1}},"line":14},"2":{"name":"clearCollections","decl":{"start":{"line":20,"column":22},"end":{"line":20,"column":38}},"loc":{"start":{"line":20,"column":41},"end":{"line":25,"column":1}},"line":20}},"branchMap":{},"s":{"0":14,"1":14,"2":14,"3":14,"4":14,"5":14,"6":37,"7":37,"8":122},"f":{"0":14,"1":14,"2":37},"b":{},"inputSourceMap":null,"_coverageSchema":"1a1c01bbd47fc00a2c39e90264f33305004495a9","hash":"19fa26beec7fa5a663b9ee2ced3804ee58fd99e7"}
,"E:\\Sunrise Connect\\backend\\src\\tests\\helpers\\replicaHelper.js": {"path":"E:\\Sunrise Connect\\backend\\src\\tests\\helpers\\replicaHelper.js","statementMap":{"0":{"start":{"line":19,"column":2},"end":{"line":19,"column":71}},"1":{"start":{"line":20,"column":14},"end":{"line":20,"column":30}},"2":{"start":{"line":21,"column":2},"end":{"line":21,"column":30}},"3":{"start":{"line":25,"column":2},"end":{"line":27,"column":4}},"4":{"start":{"line":26,"column":55},"end":{"line":26,"column":75}},"5":{"start":{"line":32,"column":2},"end":{"line":34,"column":4}},"6":{"start":{"line":33,"column":55},"end":{"line":33,"column":70}},"7":{"start":{"line":38,"column":2},"end":{"line":38,"column":43}},"8":{"start":{"line":39,"column":2},"end":{"line":39,"column":36}},"9":{"start":{"line":40,"column":2},"end":{"line":40,"column":23}},"10":{"start":{"line":44,"column":22},"end":{"line":44,"column":53}},"11":{"start":{"line":45,"column":2},"end":{"line":47,"column":3}},"12":{"start":{"line":46,"column":4},"end":{"line":46,"column":42}}},"fnMap":{"0":{"name":"connectReplica","decl":{"start":{"line":18,"column":22},"end":{"line":18,"column":36}},"loc":{"start":{"line":18,"column":39},"end":{"line":35,"column":1}},"line":18},"1":{"name":"(anonymous_1)","decl":{"start":{"line":26,"column":50},"end":{"line":26,"column":51}},"loc":{"start":{"line":26,"column":55},"end":{"line":26,"column":75}},"line":26},"2":{"name":"(anonymous_2)","decl":{"start":{"line":33,"column":50},"end":{"line":33,"column":51}},"loc":{"start":{"line":33,"column":55},"end":{"line":33,"column":70}},"line":33},"3":{"name":"disconnectReplica","decl":{"start":{"line":37,"column":22},"end":{"line":37,"column":39}},"loc":{"start":{"line":37,"column":42},"end":{"line":41,"column":1}},"line":37},"4":{"name":"clearCollections","decl":{"start":{"line":43,"column":22},"end":{"line":43,"column":38}},"loc":{"start":{"line":43,"column":41},"end":{"line":48,"column":1}},"line":43}},"branchMap":{},"s":{"0":5,"1":5,"2":5,"3":5,"4":38,"5":5,"6":38,"7":5,"8":5,"9":5,"10":34,"11":34,"12":236},"f":{"0":5,"1":38,"2":38,"3":5,"4":34},"b":{},"inputSourceMap":null,"_coverageSchema":"1a1c01bbd47fc00a2c39e90264f33305004495a9","hash":"870eed452c23d6bb1e9d4850b2b073fdbed75252"}
,"E:\\Sunrise Connect\\backend\\src\\utils\\AppError.js": {"path":"E:\\Sunrise Connect\\backend\\src\\utils\\AppError.js","statementMap":{"0":{"start":{"line":8,"column":4},"end":{"line":8,"column":19}},"1":{"start":{"line":9,"column":4},"end":{"line":9,"column":33}},"2":{"start":{"line":10,"column":4},"end":{"line":10,"column":39}},"3":{"start":{"line":11,"column":4},"end":{"line":11,"column":52}}},"fnMap":{"0":{"name":"(anonymous_0)","decl":{"start":{"line":7,"column":2},"end":{"line":7,"column":3}},"loc":{"start":{"line":7,"column":57},"end":{"line":12,"column":3}},"line":7}},"branchMap":{"0":{"loc":{"start":{"line":7,"column":35},"end":{"line":7,"column":55}},"type":"default-arg","locations":[{"start":{"line":7,"column":51},"end":{"line":7,"column":55}}],"line":7}},"s":{"0":30,"1":30,"2":30,"3":30},"f":{"0":30},"b":{"0":[30]},"inputSourceMap":null,"_coverageSchema":"1a1c01bbd47fc00a2c39e90264f33305004495a9","hash":"1353d457ad1bf95a5c493c0933bed17bcd1d9e37"}
,"E:\\Sunrise Connect\\backend\\src\\utils\\catchAsync.js": {"path":"E:\\Sunrise Connect\\backend\\src\\utils\\catchAsync.js","statementMap":{"0":{"start":{"line":3,"column":19},"end":{"line":5,"column":1}},"1":{"start":{"line":3,"column":25},"end":{"line":5,"column":1}},"2":{"start":{"line":4,"column":2},"end":{"line":4,"column":57}}},"fnMap":{"0":{"name":"(anonymous_0)","decl":{"start":{"line":3,"column":19},"end":{"line":3,"column":20}},"loc":{"start":{"line":3,"column":25},"end":{"line":5,"column":1}},"line":3},"1":{"name":"(anonymous_1)","decl":{"start":{"line":3,"column":25},"end":{"line":3,"column":26}},"loc":{"start":{"line":3,"column":45},"end":{"line":5,"column":1}},"line":3}},"branchMap":{},"s":{"0":10,"1":550,"2":31},"f":{"0":550,"1":31},"b":{},"inputSourceMap":null,"_coverageSchema":"1a1c01bbd47fc00a2c39e90264f33305004495a9","hash":"a4eba7752c4fd04b1581bc2899bff12235eb208c"}
,"E:\\Sunrise Connect\\backend\\src\\utils\\response.js": {"path":"E:\\Sunrise Connect\\backend\\src\\utils\\response.js","statementMap":{"0":{"start":{"line":9,"column":21},"end":{"line":16,"column":1}},"1":{"start":{"line":10,"column":15},"end":{"line":13,"column":3}},"2":{"start":{"line":14,"column":2},"end":{"line":14,"column":38}},"3":{"start":{"line":14,"column":15},"end":{"line":14,"column":38}},"4":{"start":{"line":15,"column":2},"end":{"line":15,"column":39}}},"fnMap":{"0":{"name":"(anonymous_0)","decl":{"start":{"line":9,"column":21},"end":{"line":9,"column":22}},"loc":{"start":{"line":9,"column":53},"end":{"line":16,"column":1}},"line":9}},"branchMap":{"0":{"loc":{"start":{"line":11,"column":13},"end":{"line":11,"column":42}},"type":"binary-expr","locations":[{"start":{"line":11,"column":13},"end":{"line":11,"column":26}},{"start":{"line":11,"column":30},"end":{"line":11,"column":42}}],"line":11},"1":{"loc":{"start":{"line":14,"column":2},"end":{"line":14,"column":38}},"type":"if","locations":[{"start":{"line":14,"column":2},"end":{"line":14,"column":38}},{"start":{},"end":{}}],"line":14}},"s":{"0":10,"1":26,"2":26,"3":2,"4":26},"f":{"0":26},"b":{"0":[26,26],"1":[2,24]},"inputSourceMap":null,"_coverageSchema":"1a1c01bbd47fc00a2c39e90264f33305004495a9","hash":"c526fa4bd2f0b9a55c7cc8d0a6c9c05b83eae4aa"}
,"E:\\Sunrise Connect\\backend\\src\\validations\\auth.schema.js": {"path":"E:\\Sunrise Connect\\backend\\src\\validations\\auth.schema.js","statementMap":{"0":{"start":{"line":4,"column":33},"end":{"line":9,"column":1}},"1":{"start":{"line":11,"column":34},"end":{"line":16,"column":1}},"2":{"start":{"line":18,"column":33},"end":{"line":23,"column":1}},"3":{"start":{"line":25,"column":33},"end":{"line":30,"column":1}},"4":{"start":{"line":32,"column":34},"end":{"line":38,"column":1}}},"fnMap":{},"branchMap":{},"s":{"0":9,"1":9,"2":9,"3":9,"4":9},"f":{},"b":{},"inputSourceMap":null,"_coverageSchema":"1a1c01bbd47fc00a2c39e90264f33305004495a9","hash":"90073ad551a8f63f8bf6c7623ab0e704d9adc35c"}
,"E:\\Sunrise Connect\\backend\\src\\validations\\fee-structure.schema.js": {"path":"E:\\Sunrise Connect\\backend\\src\\validations\\fee-structure.schema.js","statementMap":{"0":{"start":{"line":3,"column":40},"end":{"line":15,"column":1}},"1":{"start":{"line":17,"column":49},"end":{"line":23,"column":1}},"2":{"start":{"line":25,"column":40},"end":{"line":38,"column":1}},"3":{"start":{"line":40,"column":49},"end":{"line":49,"column":1}}},"fnMap":{},"branchMap":{},"s":{"0":9,"1":9,"2":9,"3":9},"f":{},"b":{},"inputSourceMap":null,"_coverageSchema":"1a1c01bbd47fc00a2c39e90264f33305004495a9","hash":"6195a02725f63fff6e06940363b8cc6a475c98cd"}
,"E:\\Sunrise Connect\\backend\\src\\validations\\ledger.schema.js": {"path":"E:\\Sunrise Connect\\backend\\src\\validations\\ledger.schema.js","statementMap":{"0":{"start":{"line":4,"column":23},"end":{"line":11,"column":2}},"1":{"start":{"line":13,"column":34},"end":{"line":28,"column":1}},"2":{"start":{"line":30,"column":32},"end":{"line":36,"column":1}},"3":{"start":{"line":38,"column":32},"end":{"line":44,"column":1}},"4":{"start":{"line":46,"column":33},"end":{"line":54,"column":1}}},"fnMap":{},"branchMap":{},"s":{"0":9,"1":9,"2":9,"3":9,"4":9},"f":{},"b":{},"inputSourceMap":null,"_coverageSchema":"1a1c01bbd47fc00a2c39e90264f33305004495a9","hash":"d07517556c1a3aac0e1f3330d3acd32530935a93"}
,"E:\\Sunrise Connect\\backend\\src\\validations\\parent.schema.js": {"path":"E:\\Sunrise Connect\\backend\\src\\validations\\parent.schema.js","statementMap":{"0":{"start":{"line":4,"column":20},"end":{"line":4,"column":34}},"1":{"start":{"line":6,"column":34},"end":{"line":14,"column":1}},"2":{"start":{"line":16,"column":34},"end":{"line":24,"column":1}},"3":{"start":{"line":26,"column":35},"end":{"line":31,"column":1}},"4":{"start":{"line":33,"column":33},"end":{"line":38,"column":1}},"5":{"start":{"line":40,"column":33},"end":{"line":47,"column":1}},"6":{"start":{"line":44,"column":20},"end":{"line":44,"column":62}}},"fnMap":{"0":{"name":"(anonymous_0)","decl":{"start":{"line":44,"column":12},"end":{"line":44,"column":13}},"loc":{"start":{"line":44,"column":20},"end":{"line":44,"column":62}},"line":44}},"branchMap":{"0":{"loc":{"start":{"line":44,"column":20},"end":{"line":44,"column":62}},"type":"binary-expr","locations":[{"start":{"line":44,"column":20},"end":{"line":44,"column":38}},{"start":{"line":44,"column":42},"end":{"line":44,"column":62}}],"line":44}},"s":{"0":9,"1":9,"2":9,"3":9,"4":9,"5":9,"6":0},"f":{"0":0},"b":{"0":[0,0]},"inputSourceMap":null,"_coverageSchema":"1a1c01bbd47fc00a2c39e90264f33305004495a9","hash":"6f16564d9a5aece6ffe43a7f2aeb96b9e8a11220"}
,"E:\\Sunrise Connect\\backend\\src\\validations\\payment.schema.js": {"path":"E:\\Sunrise Connect\\backend\\src\\validations\\payment.schema.js","statementMap":{"0":{"start":{"line":4,"column":35},"end":{"line":12,"column":1}},"1":{"start":{"line":14,"column":36},"end":{"line":19,"column":1}},"2":{"start":{"line":21,"column":34},"end":{"line":29,"column":1}}},"fnMap":{},"branchMap":{},"s":{"0":9,"1":9,"2":9},"f":{},"b":{},"inputSourceMap":null,"_coverageSchema":"1a1c01bbd47fc00a2c39e90264f33305004495a9","hash":"1ec9251cbee8b2dd5867566e0c5f09cef2436a96"}
,"E:\\Sunrise Connect\\backend\\src\\validations\\student.schema.js": {"path":"E:\\Sunrise Connect\\backend\\src\\validations\\student.schema.js","statementMap":{"0":{"start":{"line":4,"column":35},"end":{"line":20,"column":1}},"1":{"start":{"line":22,"column":35},"end":{"line":36,"column":1}},"2":{"start":{"line":38,"column":34},"end":{"line":48,"column":1}},"3":{"start":{"line":50,"column":35},"end":{"line":52,"column":1}}},"fnMap":{},"branchMap":{},"s":{"0":9,"1":9,"2":9,"3":9},"f":{},"b":{},"inputSourceMap":null,"_coverageSchema":"1a1c01bbd47fc00a2c39e90264f33305004495a9","hash":"a0e17ed2685d844fb851ab57e06e643b6dc32c12"}
}
