TN:
SF:src\app.js
FN:33,(anonymous_0)
FN:39,(anonymous_1)
FN:59,(anonymous_2)
FNF:3
FNH:1
FNDA:53,(anonymous_0)
FNDA:0,(anonymous_1)
FNDA:0,(anonymous_2)
DA:24,9
DA:27,9
DA:28,9
DA:29,9
DA:30,9
DA:33,9
DA:34,53
DA:35,53
DA:39,9
DA:40,0
DA:44,9
DA:45,9
DA:46,9
DA:47,9
DA:48,9
DA:49,9
DA:50,9
DA:51,9
DA:52,9
DA:53,9
DA:54,9
DA:55,9
DA:56,9
DA:59,9
DA:60,0
DA:64,9
LF:26
LH:24
BRF:0
BRH:0
end_of_record
TN:
SF:src\config\env.js
FNF:0
FNH:0
DA:4,14
LF:1
LH:1
BRDA:5,0,0,14
BRDA:5,0,1,0
BRDA:6,1,0,14
BRDA:6,1,1,0
BRDA:7,2,0,14
BRDA:7,2,1,0
BRDA:8,3,0,14
BRDA:8,3,1,0
BRDA:9,4,0,14
BRDA:9,4,1,0
BRDA:10,5,0,14
BRDA:10,5,1,0
BRDA:11,6,0,14
BRDA:11,6,1,0
BRDA:12,7,0,14
BRDA:12,7,1,0
BRDA:13,8,0,14
BRDA:13,8,1,0
BRF:18
BRH:9
end_of_record
TN:
SF:src\config\logger.js
FN:7,(anonymous_0)
FNF:1
FNH:1
FNDA:118,(anonymous_0)
DA:5,14
DA:7,14
DA:8,118
DA:11,14
DA:19,14
DA:31,14
DA:32,14
LF:7
LH:7
BRDA:8,0,0,118
BRDA:8,0,1,106
BRDA:20,1,0,0
BRDA:20,1,1,14
BRDA:31,2,0,14
BRDA:31,2,1,0
BRF:6
BRH:4
end_of_record
TN:
SF:src\controllers\AcademicYearController.js
FN:5,(anonymous_0)
FN:15,(anonymous_1)
FN:24,(anonymous_2)
FN:47,(anonymous_3)
FNF:4
FNH:0
FNDA:0,(anonymous_0)
FNDA:0,(anonymous_1)
FNDA:0,(anonymous_2)
FNDA:0,(anonymous_3)
DA:5,9
DA:6,0
DA:8,0
DA:15,9
DA:16,0
DA:18,0
DA:24,9
DA:25,0
DA:26,0
DA:32,0
DA:37,0
DA:38,0
DA:41,0
DA:47,9
DA:48,0
DA:50,0
DA:51,0
DA:54,0
LF:18
LH:4
BRDA:25,0,0,0
BRDA:25,0,1,0
BRDA:37,1,0,0
BRDA:37,1,1,0
BRDA:50,2,0,0
BRDA:50,2,1,0
BRF:6
BRH:0
end_of_record
TN:
SF:src\controllers\AuditController.js
FN:8,(anonymous_0)
FN:15,(anonymous_1)
FNF:2
FNH:1
FNDA:1,(anonymous_0)
FNDA:0,(anonymous_1)
DA:8,9
DA:9,1
DA:10,1
DA:11,1
DA:15,9
DA:16,0
DA:17,0
LF:7
LH:5
BRDA:9,0,0,1
BRDA:9,1,0,1
BRF:2
BRH:2
end_of_record
TN:
SF:src\controllers\AuthController.js
FN:8,(anonymous_0)
FN:14,(anonymous_1)
FN:20,(anonymous_2)
FN:26,(anonymous_3)
FN:32,(anonymous_4)
FN:38,(anonymous_5)
FN:44,(anonymous_6)
FNF:7
FNH:2
FNDA:2,(anonymous_0)
FNDA:1,(anonymous_1)
FNDA:0,(anonymous_2)
FNDA:0,(anonymous_3)
FNDA:0,(anonymous_4)
FNDA:0,(anonymous_5)
FNDA:0,(anonymous_6)
DA:8,9
DA:9,2
DA:10,1
DA:14,9
DA:15,1
DA:16,1
DA:20,9
DA:21,0
DA:22,0
DA:26,9
DA:27,0
DA:28,0
DA:32,9
DA:33,0
DA:34,0
DA:38,9
DA:39,0
DA:40,0
DA:44,9
DA:45,0
DA:46,0
LF:21
LH:11
BRDA:39,0,0,0
BRDA:39,0,1,0
BRDA:45,1,0,0
BRDA:45,1,1,0
BRF:4
BRH:0
end_of_record
TN:
SF:src\controllers\DashboardController.js
FN:8,(anonymous_0)
FN:14,(anonymous_1)
FN:20,(anonymous_2)
FNF:3
FNH:2
FNDA:1,(anonymous_0)
FNDA:1,(anonymous_1)
FNDA:0,(anonymous_2)
DA:8,9
DA:9,1
DA:10,1
DA:14,9
DA:15,1
DA:16,1
DA:20,9
DA:21,0
DA:22,0
LF:9
LH:7
BRF:0
BRH:0
end_of_record
TN:
SF:src\controllers\FeeCategoryController.js
FN:5,(anonymous_0)
FN:15,(anonymous_1)
FN:24,(anonymous_2)
FN:40,(anonymous_3)
FNF:4
FNH:0
FNDA:0,(anonymous_0)
FNDA:0,(anonymous_1)
FNDA:0,(anonymous_2)
FNDA:0,(anonymous_3)
DA:5,9
DA:6,0
DA:8,0
DA:15,9
DA:16,0
DA:18,0
DA:24,9
DA:25,0
DA:30,0
DA:31,0
DA:34,0
DA:40,9
DA:41,0
DA:43,0
DA:44,0
DA:47,0
LF:16
LH:4
BRDA:30,0,0,0
BRDA:30,0,1,0
BRDA:43,1,0,0
BRDA:43,1,1,0
BRF:4
BRH:0
end_of_record
TN:
SF:src\controllers\FeeStructureController.js
FN:14,(anonymous_0)
FN:27,(anonymous_1)
FN:48,(anonymous_2)
FN:57,(anonymous_3)
FN:70,(anonymous_4)
FN:83,(anonymous_5)
FN:96,(anonymous_6)
FNF:7
FNH:3
FNDA:1,(anonymous_0)
FNDA:0,(anonymous_1)
FNDA:0,(anonymous_2)
FNDA:2,(anonymous_3)
FNDA:2,(anonymous_4)
FNDA:0,(anonymous_5)
FNDA:0,(anonymous_6)
DA:14,9
DA:15,1
DA:20,1
DA:27,9
DA:28,0
DA:29,0
DA:30,0
DA:31,0
DA:33,0
DA:38,0
DA:40,0
DA:41,0
DA:48,9
DA:49,0
DA:50,0
DA:57,9
DA:58,2
DA:59,2
DA:60,2
DA:61,1
DA:63,1
DA:70,9
DA:71,2
DA:72,2
DA:73,2
DA:74,1
DA:76,1
DA:83,9
DA:84,0
DA:85,0
DA:86,0
DA:87,0
DA:89,0
DA:96,9
DA:97,0
DA:98,0
DA:99,0
DA:100,0
DA:102,0
LF:39
LH:19
BRDA:29,0,0,0
BRDA:29,0,1,0
BRDA:30,1,0,0
BRDA:30,1,1,0
BRDA:60,2,0,1
BRDA:60,2,1,1
BRDA:73,3,0,1
BRDA:73,3,1,1
BRDA:86,4,0,0
BRDA:86,4,1,0
BRDA:99,5,0,0
BRDA:99,5,1,0
BRF:12
BRH:4
end_of_record
TN:
SF:src\controllers\LedgerController.js
FN:9,(anonymous_0)
FN:15,(anonymous_1)
FN:21,(anonymous_2)
FN:33,(anonymous_3)
FN:46,(anonymous_4)
FN:52,(anonymous_5)
FN:58,(anonymous_6)
FNF:7
FNH:2
FNDA:0,(anonymous_0)
FNDA:2,(anonymous_1)
FNDA:0,(anonymous_2)
FNDA:0,(anonymous_3)
FNDA:0,(anonymous_4)
FNDA:1,(anonymous_5)
FNDA:0,(anonymous_6)
DA:9,10
DA:10,0
DA:11,0
DA:15,10
DA:16,2
DA:17,2
DA:18,1
DA:19,1
DA:20,1
DA:21,0
DA:22,0
DA:25,1
DA:28,2
DA:29,2
DA:33,10
DA:34,0
DA:35,0
DA:36,0
DA:37,0
DA:38,0
DA:39,0
DA:42,0
DA:46,10
DA:47,0
DA:48,0
DA:52,10
DA:53,1
DA:54,1
DA:58,10
DA:59,0
DA:60,0
LF:31
LH:16
BRDA:16,0,0,1
BRDA:16,1,0,2
BRDA:17,2,0,1
BRDA:17,2,1,1
BRDA:20,3,0,0
BRDA:20,3,1,1
BRDA:21,4,0,0
BRDA:21,4,1,0
BRDA:35,5,0,0
BRDA:35,5,1,0
BRDA:38,6,0,0
BRDA:38,6,1,0
BRDA:38,7,0,0
BRDA:38,7,1,0
BRF:14
BRH:5
end_of_record
TN:
SF:src\controllers\MigrationController.js
FN:8,(anonymous_0)
FN:14,(anonymous_1)
FNF:2
FNH:1
FNDA:1,(anonymous_0)
FNDA:0,(anonymous_1)
DA:8,9
DA:9,1
DA:10,1
DA:14,9
DA:15,0
DA:16,0
LF:6
LH:4
BRF:0
BRH:0
end_of_record
TN:
SF:src\controllers\ParentController.js
FN:8,(anonymous_0)
FN:14,(anonymous_1)
FN:20,(anonymous_2)
FN:27,(anonymous_3)
FN:33,(anonymous_4)
FN:39,(anonymous_5)
FNF:6
FNH:4
FNDA:1,(anonymous_0)
FNDA:0,(anonymous_1)
FNDA:1,(anonymous_2)
FNDA:2,(anonymous_3)
FNDA:0,(anonymous_4)
FNDA:1,(anonymous_5)
DA:8,9
DA:9,1
DA:10,1
DA:14,9
DA:15,0
DA:16,0
DA:20,9
DA:21,1
DA:22,1
DA:23,1
DA:27,9
DA:28,2
DA:29,2
DA:33,9
DA:34,0
DA:35,0
DA:39,9
DA:40,1
DA:41,1
LF:19
LH:15
BRDA:21,0,0,1
BRDA:21,1,0,1
BRF:2
BRH:2
end_of_record
TN:
SF:src\controllers\PaymentController.js
FN:9,(anonymous_0)
FN:22,(anonymous_1)
FN:28,(anonymous_2)
FN:31,(anonymous_3)
FN:32,(anonymous_4)
FN:53,(anonymous_5)
FN:59,(anonymous_6)
FNF:7
FNH:3
FNDA:3,(anonymous_0)
FNDA:1,(anonymous_1)
FNDA:0,(anonymous_2)
FNDA:0,(anonymous_3)
FNDA:0,(anonymous_4)
FNDA:0,(anonymous_5)
FNDA:2,(anonymous_6)
DA:9,10
DA:10,3
DA:11,1
DA:12,1
DA:13,1
DA:14,1
DA:15,1
DA:17,2
DA:18,2
DA:22,10
DA:23,1
DA:24,1
DA:25,0
DA:26,0
DA:27,0
DA:28,0
DA:30,0
DA:31,0
DA:32,0
DA:33,0
DA:34,0
DA:36,0
DA:37,0
DA:38,0
DA:39,0
DA:42,0
DA:43,0
DA:45,0
DA:48,1
DA:49,1
DA:53,10
DA:54,0
DA:55,0
DA:59,10
DA:60,2
DA:61,2
LF:36
LH:18
BRDA:10,0,0,1
BRDA:10,0,1,2
BRDA:13,1,0,0
BRDA:13,1,1,1
BRDA:15,2,0,1
BRDA:15,2,1,0
BRDA:17,3,0,2
BRDA:17,3,1,0
BRDA:23,4,0,1
BRDA:23,5,0,1
BRDA:24,6,0,0
BRDA:24,6,1,1
BRDA:30,7,0,0
BRDA:30,7,1,0
BRDA:33,8,0,0
BRDA:33,8,1,0
BRDA:37,9,0,0
BRDA:37,9,1,0
BRDA:38,10,0,0
BRDA:38,10,1,0
BRDA:42,11,0,0
BRDA:42,11,1,0
BRDA:60,12,0,2
BRDA:60,12,1,0
BRF:24
BRH:9
end_of_record
TN:
SF:src\controllers\StudentController.js
FN:9,(anonymous_0)
FN:15,(anonymous_1)
FN:25,(anonymous_2)
FN:35,(anonymous_3)
FN:41,(anonymous_4)
FN:47,(anonymous_5)
FN:53,(anonymous_6)
FN:61,(anonymous_7)
FN:71,(anonymous_8)
FNF:9
FNH:3
FNDA:1,(anonymous_0)
FNDA:3,(anonymous_1)
FNDA:1,(anonymous_2)
FNDA:0,(anonymous_3)
FNDA:0,(anonymous_4)
FNDA:0,(anonymous_5)
FNDA:0,(anonymous_6)
FNDA:0,(anonymous_7)
FNDA:0,(anonymous_8)
DA:9,10
DA:10,1
DA:11,1
DA:15,10
DA:16,3
DA:17,3
DA:18,2
DA:20,3
DA:21,3
DA:25,10
DA:26,1
DA:27,1
DA:28,1
DA:29,1
DA:31,0
DA:35,10
DA:36,0
DA:37,0
DA:41,10
DA:42,0
DA:43,0
DA:47,10
DA:48,0
DA:49,0
DA:53,10
DA:54,0
DA:55,0
DA:56,0
DA:57,0
DA:61,10
DA:62,0
DA:63,0
DA:64,0
DA:66,0
DA:67,0
DA:71,10
DA:72,0
DA:73,0
DA:74,0
DA:76,0
DA:77,0
LF:41
LH:20
BRDA:10,0,0,1
BRDA:10,0,1,1
BRDA:16,1,0,2
BRDA:16,2,0,3
BRDA:17,3,0,2
BRDA:17,3,1,1
BRDA:27,4,0,1
BRDA:27,4,1,0
BRDA:28,5,0,1
BRDA:28,5,1,0
BRDA:28,6,0,1
BRDA:28,6,1,1
BRDA:36,7,0,0
BRDA:36,7,1,0
BRDA:55,8,0,0
BRDA:55,8,1,0
BRDA:55,9,0,0
BRDA:55,9,1,0
BRDA:63,10,0,0
BRDA:63,10,1,0
BRDA:63,11,0,0
BRDA:63,11,1,0
BRDA:63,11,2,0
BRDA:63,11,3,0
BRDA:63,11,4,0
BRDA:73,12,0,0
BRDA:73,12,1,0
BRDA:73,13,0,0
BRDA:73,13,1,0
BRF:29
BRH:10
end_of_record
TN:
SF:src\controllers\UserController.js
FN:9,(anonymous_0)
FN:19,(anonymous_1)
FN:25,(anonymous_2)
FN:31,(anonymous_3)
FN:39,(anonymous_4)
FNF:5
FNH:0
FNDA:0,(anonymous_0)
FNDA:0,(anonymous_1)
FNDA:0,(anonymous_2)
FNDA:0,(anonymous_3)
FNDA:0,(anonymous_4)
DA:9,9
DA:10,0
DA:11,0
DA:12,0
DA:14,0
DA:15,0
DA:19,9
DA:20,0
DA:21,0
DA:25,9
DA:26,0
DA:27,0
DA:31,9
DA:32,0
DA:33,0
DA:34,0
DA:35,0
DA:39,9
DA:40,0
DA:41,0
LF:20
LH:5
BRDA:11,0,0,0
BRDA:11,0,1,0
BRDA:11,1,0,0
BRDA:11,1,1,0
BRDA:11,1,2,0
BRDA:12,2,0,0
BRDA:12,2,1,0
BRDA:27,3,0,0
BRDA:27,3,1,0
BRDA:33,4,0,0
BRDA:33,4,1,0
BRDA:33,5,0,0
BRDA:33,5,1,0
BRF:13
BRH:0
end_of_record
TN:
SF:src\middlewares\auth.middleware.js
FN:7,(anonymous_0)
FNF:1
FNH:1
FNDA:44,(anonymous_0)
DA:7,9
DA:8,44
DA:9,44
DA:10,6
DA:12,38
DA:13,38
DA:14,38
DA:15,38
DA:16,38
DA:18,0
LF:10
LH:9
BRDA:9,0,0,6
BRDA:9,0,1,38
BRDA:9,1,0,44
BRDA:9,1,1,38
BRF:4
BRH:4
end_of_record
TN:
SF:src\middlewares\authorize.middleware.js
FN:6,(anonymous_0)
FN:6,(anonymous_1)
FNF:2
FNH:2
FNDA:342,(anonymous_0)
FNDA:37,(anonymous_1)
DA:6,342
DA:7,37
DA:8,37
DA:9,6
DA:11,31
LF:5
LH:5
BRDA:7,0,0,0
BRDA:7,0,1,37
BRDA:8,1,0,6
BRDA:8,1,1,31
BRF:4
BRH:3
end_of_record
TN:
SF:src\middlewares\error.middleware.js
FN:4,(anonymous_0)
FNF:1
FNH:1
FNDA:16,(anonymous_0)
DA:4,9
DA:5,16
DA:6,16
DA:8,16
DA:9,0
DA:10,0
DA:19,16
DA:20,16
DA:27,0
DA:28,0
LF:10
LH:6
BRDA:5,0,0,16
BRDA:5,0,1,0
BRDA:6,1,0,16
BRDA:6,1,1,16
BRDA:8,2,0,0
BRDA:8,2,1,16
BRDA:19,3,0,16
BRDA:19,3,1,0
BRF:8
BRH:5
end_of_record
TN:
SF:src\middlewares\idempotency.middleware.js
FN:9,(anonymous_0)
FN:23,(anonymous_1)
FNF:2
FNH:2
FNDA:5,(anonymous_0)
FNDA:3,(anonymous_1)
DA:6,9
DA:7,9
DA:9,9
DA:10,5
DA:11,5
DA:12,1
DA:15,4
DA:16,4
DA:18,1
DA:22,3
DA:23,3
DA:24,3
DA:25,3
DA:28,3
LF:14
LH:14
BRDA:11,0,0,1
BRDA:11,0,1,4
BRDA:16,1,0,1
BRDA:16,1,1,3
BRDA:16,2,0,4
BRDA:16,2,1,1
BRF:6
BRH:6
end_of_record
TN:
SF:src\middlewares\rateLimit.middleware.js
FN:12,(anonymous_0)
FN:13,(anonymous_1)
FN:16,(anonymous_2)
FNF:3
FNH:3
FNDA:18,(anonymous_0)
FNDA:62,(anonymous_1)
FNDA:313,(anonymous_2)
DA:6,9
DA:12,9
DA:13,18
DA:14,62
DA:15,62
DA:16,313
DA:17,62
DA:18,0
DA:20,62
DA:21,62
DA:22,62
DA:26,9
DA:29,9
LF:13
LH:12
BRDA:12,0,0,0
BRDA:12,1,0,0
BRDA:12,2,0,0
BRDA:14,3,0,62
BRDA:14,3,1,0
BRDA:16,4,0,62
BRDA:16,4,1,9
BRDA:17,5,0,0
BRDA:17,5,1,62
BRF:9
BRH:4
end_of_record
TN:
SF:src\middlewares\validate.middleware.js
FN:1,(anonymous_0)
FN:1,(anonymous_1)
FNF:2
FNH:2
FNDA:216,(anonymous_0)
FNDA:32,(anonymous_1)
DA:1,216
DA:2,32
DA:3,32
DA:4,27
DA:6,20
DA:7,5
DA:12,20
DA:13,7
DA:18,20
DA:20,12
DA:21,12
LF:11
LH:11
BRDA:3,0,0,27
BRDA:3,0,1,5
BRDA:6,1,0,5
BRDA:6,1,1,15
BRDA:12,2,0,7
BRDA:12,2,1,13
BRF:6
BRH:6
end_of_record
TN:
SF:src\models\AcademicYear.js
FN:30,(anonymous_0)
FNF:1
FNH:1
FNDA:8,(anonymous_0)
DA:3,11
DA:30,11
DA:31,8
DA:32,8
DA:39,11
LF:5
LH:5
BRDA:31,0,0,8
BRDA:31,0,1,0
BRF:2
BRH:1
end_of_record
TN:
SF:src\models\AuditLog.js
FNF:0
FNH:0
DA:6,15
DA:64,15
DA:65,15
DA:66,15
DA:68,15
LF:5
LH:5
BRF:0
BRH:0
end_of_record
TN:
SF:src\models\FeeCategory.js
FNF:0
FNH:0
DA:3,11
DA:39,11
DA:41,11
LF:3
LH:3
BRF:0
BRH:0
end_of_record
TN:
SF:src\models\FeeStructure.js
FNF:0
FNH:0
DA:3,11
DA:72,11
DA:76,11
DA:78,11
LF:4
LH:4
BRF:0
BRH:0
end_of_record
TN:
SF:src\models\Parent.js
FNF:0
FNH:0
DA:4,17
DA:64,17
DA:69,17
LF:3
LH:3
BRF:0
BRH:0
end_of_record
TN:
SF:src\models\Payment.js
FNF:0
FNH:0
DA:6,15
DA:44,15
DA:46,15
LF:3
LH:3
BRF:0
BRH:0
end_of_record
TN:
SF:src\models\Student.js
FNF:0
FNH:0
DA:3,16
DA:79,16
DA:84,16
DA:88,16
DA:93,16
DA:97,16
DA:98,16
DA:99,16
DA:101,16
LF:9
LH:9
BRF:0
BRH:0
end_of_record
TN:
SF:src\models\StudentFeeLedger.js
FNF:0
FNH:0
DA:4,16
DA:17,16
DA:127,16
DA:131,16
DA:135,16
DA:140,16
DA:144,16
DA:148,16
DA:152,16
DA:154,16
LF:10
LH:10
BRF:0
BRH:0
end_of_record
TN:
SF:src\models\TransportFeeStructure.js
FNF:0
FNH:0
DA:3,11
DA:42,11
DA:52,11
DA:54,11
LF:4
LH:4
BRF:0
BRH:0
end_of_record
TN:
SF:src\models\User.js
FNF:0
FNH:0
DA:3,15
DA:66,15
DA:68,15
LF:3
LH:3
BRF:0
BRH:0
end_of_record
TN:
SF:src\repositories\auditRepository.js
FN:9,(anonymous_0)
FN:15,(anonymous_1)
FN:19,(anonymous_2)
FNF:3
FNH:3
FNDA:21,(anonymous_0)
FNDA:1,(anonymous_1)
FNDA:2,(anonymous_2)
DA:7,15
DA:10,21
DA:11,21
DA:12,21
DA:16,1
DA:20,2
DA:21,2
LF:7
LH:7
BRDA:9,0,0,6
BRDA:10,1,0,15
BRDA:10,1,1,6
BRDA:19,2,0,0
BRDA:19,3,0,2
BRDA:20,4,0,2
BRDA:20,5,0,2
BRDA:20,6,0,2
BRF:8
BRH:7
end_of_record
TN:
SF:src\repositories\ledgerRepository.js
FN:7,(anonymous_0)
FN:12,(anonymous_1)
FN:16,(anonymous_2)
FN:20,(anonymous_3)
FN:25,(anonymous_4)
FN:29,(anonymous_5)
FN:33,(anonymous_6)
FN:37,(anonymous_7)
FNF:8
FNH:6
FNDA:22,(anonymous_0)
FNDA:28,(anonymous_1)
FNDA:0,(anonymous_2)
FNDA:1,(anonymous_3)
FNDA:12,(anonymous_4)
FNDA:1,(anonymous_5)
FNDA:1,(anonymous_6)
FNDA:0,(anonymous_7)
DA:6,13
DA:8,22
DA:9,22
DA:13,28
DA:17,0
DA:21,1
DA:22,1
DA:26,12
DA:30,1
DA:34,1
DA:38,0
LF:11
LH:9
BRDA:7,0,0,21
BRDA:12,1,0,14
BRDA:12,2,0,14
BRDA:16,3,0,0
BRDA:16,4,0,0
BRDA:20,5,0,0
BRDA:20,6,0,0
BRDA:20,7,0,0
BRDA:21,8,0,0
BRDA:21,9,0,0
BRDA:21,10,0,1
BRDA:25,11,0,2
BRDA:29,12,0,1
BRDA:33,13,0,0
BRDA:37,14,0,0
BRF:15
BRH:6
end_of_record
TN:
SF:src\repositories\parentRepository.js
FN:9,(anonymous_0)
FN:15,(anonymous_1)
FN:20,(anonymous_2)
FN:25,(anonymous_3)
FN:30,(anonymous_4)
FN:35,(anonymous_5)
FN:41,(anonymous_6)
FN:46,(anonymous_7)
FN:54,(anonymous_8)
FN:59,(anonymous_9)
FN:64,(anonymous_10)
FNF:11
FNH:7
FNDA:16,(anonymous_0)
FNDA:8,(anonymous_1)
FNDA:4,(anonymous_2)
FNDA:0,(anonymous_3)
FNDA:0,(anonymous_4)
FNDA:2,(anonymous_5)
FNDA:5,(anonymous_6)
FNDA:0,(anonymous_7)
FNDA:1,(anonymous_8)
FNDA:1,(anonymous_9)
FNDA:0,(anonymous_10)
DA:7,11
DA:10,16
DA:11,16
DA:16,8
DA:21,4
DA:26,0
DA:31,0
DA:36,2
DA:37,2
DA:42,5
DA:47,0
DA:55,1
DA:60,1
DA:65,0
LF:14
LH:10
BRDA:9,0,0,8
BRDA:15,1,0,8
BRDA:15,2,0,8
BRDA:20,3,0,4
BRDA:20,4,0,4
BRDA:35,5,0,0
BRDA:35,6,0,1
BRDA:35,7,0,1
BRDA:36,8,0,1
BRDA:36,9,0,1
BRDA:36,10,0,2
BRDA:41,11,0,3
BRDA:54,12,0,1
BRDA:59,13,0,0
BRDA:64,14,0,0
BRF:15
BRH:12
end_of_record
TN:
SF:src\repositories\paymentRepository.js
FN:7,(anonymous_0)
FN:12,(anonymous_1)
FN:16,(anonymous_2)
FN:20,(anonymous_3)
FN:25,(anonymous_4)
FN:29,(anonymous_5)
FN:33,(anonymous_6)
FN:41,(anonymous_7)
FN:46,(anonymous_8)
FN:50,(anonymous_9)
FNF:10
FNH:8
FNDA:12,(anonymous_0)
FNDA:8,(anonymous_1)
FNDA:2,(anonymous_2)
FNDA:1,(anonymous_3)
FNDA:0,(anonymous_4)
FNDA:0,(anonymous_5)
FNDA:1,(anonymous_6)
FNDA:1,(anonymous_7)
FNDA:2,(anonymous_8)
FNDA:2,(anonymous_9)
DA:6,12
DA:8,12
DA:9,12
DA:13,8
DA:17,2
DA:21,1
DA:22,1
DA:26,0
DA:30,0
DA:34,1
DA:42,1
DA:43,1
DA:44,1
DA:45,1
DA:46,2
DA:50,2
DA:51,0
DA:52,0
DA:53,0
DA:55,1
DA:56,0
DA:59,1
LF:22
LH:16
BRDA:7,0,0,6
BRDA:12,1,0,4
BRDA:12,2,0,4
BRDA:16,3,0,0
BRDA:16,4,0,0
BRDA:20,5,0,0
BRDA:20,6,0,1
BRDA:20,7,0,1
BRDA:21,8,0,1
BRDA:21,9,0,1
BRDA:21,10,0,1
BRDA:25,11,0,0
BRDA:29,12,0,0
BRDA:33,13,0,0
BRDA:41,14,0,0
BRDA:41,15,0,0
BRDA:41,16,0,0
BRDA:41,17,0,0
BRDA:43,18,0,1
BRDA:43,18,1,0
BRDA:45,19,0,1
BRDA:45,19,1,0
BRDA:47,20,0,0
BRDA:47,20,1,0
BRDA:51,21,0,0
BRDA:51,21,1,0
BRDA:55,22,0,0
BRDA:55,22,1,1
BRF:28
BRH:11
end_of_record
TN:
SF:src\repositories\studentRepository.js
FN:7,(anonymous_0)
FN:12,(anonymous_1)
FN:16,(anonymous_2)
FN:20,(anonymous_3)
FN:25,(anonymous_4)
FN:29,(anonymous_5)
FN:33,(anonymous_6)
FN:37,(anonymous_7)
FNF:8
FNH:6
FNDA:14,(anonymous_0)
FNDA:11,(anonymous_1)
FNDA:0,(anonymous_2)
FNDA:1,(anonymous_3)
FNDA:4,(anonymous_4)
FNDA:1,(anonymous_5)
FNDA:1,(anonymous_6)
FNDA:0,(anonymous_7)
DA:6,12
DA:8,14
DA:9,14
DA:13,11
DA:17,0
DA:21,1
DA:22,1
DA:26,4
DA:30,1
DA:34,1
DA:38,0
LF:11
LH:9
BRDA:7,0,0,5
BRDA:12,1,0,11
BRDA:12,2,0,11
BRDA:16,3,0,0
BRDA:16,4,0,0
BRDA:20,5,0,0
BRDA:20,6,0,0
BRDA:20,7,0,0
BRDA:21,8,0,0
BRDA:21,9,0,0
BRDA:21,10,0,1
BRDA:25,11,0,1
BRDA:29,12,0,1
BRDA:33,13,0,0
BRDA:37,14,0,0
BRF:15
BRH:6
end_of_record
TN:
SF:src\repositories\userRepository.js
FN:7,(anonymous_0)
FN:12,(anonymous_1)
FN:17,(anonymous_2)
FN:22,(anonymous_3)
FN:26,(anonymous_4)
FN:30,(anonymous_5)
FN:35,(anonymous_6)
FN:40,(anonymous_7)
FN:47,(anonymous_8)
FN:51,(anonymous_9)
FNF:10
FNH:0
FNDA:0,(anonymous_0)
FNDA:0,(anonymous_1)
FNDA:0,(anonymous_2)
FNDA:0,(anonymous_3)
FNDA:0,(anonymous_4)
FNDA:0,(anonymous_5)
FNDA:0,(anonymous_6)
FNDA:0,(anonymous_7)
FNDA:0,(anonymous_8)
FNDA:0,(anonymous_9)
DA:6,9
DA:8,0
DA:9,0
DA:13,0
DA:18,0
DA:23,0
DA:27,0
DA:31,0
DA:32,0
DA:36,0
DA:41,0
DA:48,0
DA:52,0
LF:13
LH:1
BRDA:7,0,0,0
BRDA:12,1,0,0
BRDA:12,2,0,0
BRDA:26,3,0,0
BRDA:26,4,0,0
BRDA:30,5,0,0
BRDA:30,6,0,0
BRDA:30,7,0,0
BRDA:31,8,0,0
BRDA:31,9,0,0
BRDA:31,10,0,0
BRDA:35,11,0,0
BRDA:40,12,0,0
BRDA:47,13,0,0
BRDA:51,14,0,0
BRF:15
BRH:0
end_of_record
TN:
SF:src\routes\academic-year.routes.js
FNF:0
FNH:0
DA:7,9
DA:9,9
DA:12,9
DA:15,9
DA:16,9
DA:17,9
LF:6
LH:6
BRF:0
BRH:0
end_of_record
TN:
SF:src\routes\audit.routes.js
FNF:0
FNH:0
DA:7,9
DA:9,9
DA:11,9
DA:12,9
LF:4
LH:4
BRF:0
BRH:0
end_of_record
TN:
SF:src\routes\auth.routes.js
FNF:0
FNH:0
DA:15,9
DA:18,9
DA:19,9
DA:20,9
DA:21,9
DA:22,9
DA:25,9
DA:26,9
LF:8
LH:8
BRF:0
BRH:0
end_of_record
TN:
SF:src\routes\dashboard.routes.js
FNF:0
FNH:0
DA:7,9
DA:9,9
DA:11,9
DA:12,9
DA:13,9
LF:5
LH:5
BRF:0
BRH:0
end_of_record
TN:
SF:src\routes\fee-category.routes.js
FNF:0
FNH:0
DA:4,9
DA:6,9
DA:11,9
LF:3
LH:3
BRF:0
BRH:0
end_of_record
TN:
SF:src\routes\fee-structure.routes.js
FNF:0
FNH:0
DA:14,9
DA:16,9
DA:19,9
DA:22,9
DA:23,9
DA:24,9
DA:25,9
DA:26,9
DA:27,9
LF:9
LH:9
BRF:0
BRH:0
end_of_record
TN:
SF:src\routes\ledger.routes.js
FNF:0
FNH:0
DA:14,9
DA:16,9
DA:18,9
DA:19,9
DA:20,9
DA:21,9
LF:6
LH:6
BRF:0
BRH:0
end_of_record
TN:
SF:src\routes\migration.routes.js
FNF:0
FNH:0
DA:7,9
DA:9,9
DA:11,9
DA:12,9
LF:4
LH:4
BRF:0
BRH:0
end_of_record
TN:
SF:src\routes\parent.routes.js
FNF:0
FNH:0
DA:15,9
DA:18,9
DA:20,9
DA:21,9
DA:22,9
DA:23,9
DA:24,9
DA:25,9
LF:8
LH:8
BRF:0
BRH:0
end_of_record
TN:
SF:src\routes\payment.routes.js
FNF:0
FNH:0
DA:16,9
DA:18,9
DA:21,9
DA:22,9
DA:23,9
DA:24,9
LF:6
LH:6
BRF:0
BRH:0
end_of_record
TN:
SF:src\routes\student.routes.js
FNF:0
FNH:0
DA:14,9
DA:16,9
DA:18,9
DA:19,9
DA:20,9
DA:21,9
DA:22,9
DA:23,9
DA:24,9
DA:25,9
DA:26,9
LF:11
LH:11
BRF:0
BRH:0
end_of_record
TN:
SF:src\routes\user.routes.js
FNF:0
FNH:0
DA:7,9
DA:10,9
DA:11,9
DA:13,9
DA:14,9
DA:15,9
DA:16,9
DA:17,9
LF:8
LH:8
BRF:0
BRH:0
end_of_record
TN:
SF:src\services\AuditService.js
FN:18,(anonymous_0)
FN:38,(anonymous_1)
FN:47,(anonymous_2)
FNF:3
FNH:1
FNDA:15,(anonymous_0)
FNDA:0,(anonymous_1)
FNDA:0,(anonymous_2)
DA:19,15
DA:27,15
DA:28,15
DA:30,0
DA:32,15
DA:39,0
DA:40,0
DA:41,0
DA:48,0
DA:49,0
DA:50,0
LF:11
LH:4
BRDA:18,0,0,0
BRDA:18,1,0,0
BRDA:38,2,0,0
BRDA:38,3,0,0
BRDA:39,4,0,0
BRDA:39,4,1,0
BRDA:40,5,0,0
BRDA:40,5,1,0
BRDA:49,6,0,0
BRDA:49,6,1,0
BRF:10
BRH:0
end_of_record
TN:
SF:src\services\AuthService.js
FN:14,cleanExpiredRefreshTokens
FN:25,(anonymous_1)
FN:50,(anonymous_2)
FN:62,(anonymous_3)
FN:94,(anonymous_4)
FN:136,(anonymous_5)
FN:141,(anonymous_6)
FN:156,(anonymous_7)
FN:177,(anonymous_8)
FN:181,(anonymous_9)
FN:195,(anonymous_10)
FNF:11
FNH:0
FNDA:0,cleanExpiredRefreshTokens
FNDA:0,(anonymous_1)
FNDA:0,(anonymous_2)
FNDA:0,(anonymous_3)
FNDA:0,(anonymous_4)
FNDA:0,(anonymous_5)
FNDA:0,(anonymous_6)
FNDA:0,(anonymous_7)
FNDA:0,(anonymous_8)
FNDA:0,(anonymous_9)
FNDA:0,(anonymous_10)
DA:15,0
DA:26,0
DA:27,0
DA:28,0
DA:29,0
DA:30,0
DA:32,0
DA:33,0
DA:35,0
DA:36,0
DA:37,0
DA:38,0
DA:41,0
DA:43,0
DA:44,0
DA:51,0
DA:52,0
DA:53,0
DA:54,0
DA:55,0
DA:56,0
DA:63,0
DA:64,0
DA:65,0
DA:66,0
DA:67,0
DA:68,0
DA:70,0
DA:71,0
DA:77,0
DA:81,0
DA:82,0
DA:84,0
DA:85,0
DA:87,0
DA:95,0
DA:101,0
DA:102,0
DA:103,0
DA:105,0
DA:106,0
DA:108,0
DA:110,0
DA:111,0
DA:112,0
DA:114,0
DA:115,0
DA:116,0
DA:117,0
DA:122,0
DA:123,0
DA:124,0
DA:126,0
DA:127,0
DA:129,0
DA:137,0
DA:138,0
DA:139,0
DA:141,0
DA:142,0
DA:144,0
DA:145,0
DA:147,0
DA:148,0
DA:149,0
DA:151,0
DA:152,0
DA:153,0
DA:154,0
DA:155,0
DA:156,0
DA:157,0
DA:158,0
DA:160,0
DA:161,0
DA:163,0
DA:164,0
DA:165,0
DA:167,0
DA:168,0
DA:170,0
DA:178,0
DA:179,0
DA:180,0
DA:181,0
DA:182,0
DA:184,0
DA:185,0
DA:189,0
DA:196,0
DA:197,0
DA:198,0
LF:92
LH:0
BRDA:27,0,0,0
BRDA:27,0,1,0
BRDA:28,1,0,0
BRDA:28,1,1,0
BRDA:30,2,0,0
BRDA:30,2,1,0
BRDA:52,3,0,0
BRDA:52,3,1,0
BRDA:53,4,0,0
BRDA:53,4,1,0
BRDA:55,5,0,0
BRDA:55,5,1,0
BRDA:67,6,0,0
BRDA:67,6,1,0
BRDA:68,7,0,0
BRDA:68,7,1,0
BRDA:101,8,0,0
BRDA:101,8,1,0
BRDA:103,9,0,0
BRDA:103,9,1,0
BRDA:137,10,0,0
BRDA:137,10,1,0
BRDA:139,11,0,0
BRDA:139,11,1,0
BRDA:141,12,0,0
BRDA:141,12,1,0
BRDA:144,13,0,0
BRDA:144,13,1,0
BRDA:145,14,0,0
BRDA:145,14,1,0
BRDA:154,15,0,0
BRDA:154,15,1,0
BRDA:160,16,0,0
BRDA:160,16,1,0
BRDA:160,17,0,0
BRDA:160,17,1,0
BRDA:178,18,0,0
BRDA:178,18,1,0
BRDA:180,19,0,0
BRDA:180,19,1,0
BRDA:181,20,0,0
BRDA:181,20,1,0
BRDA:184,21,0,0
BRDA:184,21,1,0
BRDA:196,22,0,0
BRDA:196,22,1,0
BRF:46
BRH:0
end_of_record
TN:
SF:src\services\DashboardService.js
FN:12,(anonymous_0)
FN:15,(anonymous_1)
FN:15,(anonymous_2)
FN:32,(anonymous_3)
FN:51,(anonymous_4)
FNF:5
FNH:0
FNDA:0,(anonymous_0)
FNDA:0,(anonymous_1)
FNDA:0,(anonymous_2)
FNDA:0,(anonymous_3)
FNDA:0,(anonymous_4)
DA:13,0
DA:14,0
DA:15,0
DA:26,0
DA:27,0
DA:28,0
DA:33,0
DA:34,0
DA:46,0
DA:47,0
DA:52,0
DA:63,0
LF:12
LH:0
BRDA:26,0,0,0
BRDA:26,0,1,0
BRDA:46,1,0,0
BRDA:46,1,1,0
BRDA:66,2,0,0
BRDA:66,2,1,0
BRDA:67,3,0,0
BRDA:67,3,1,0
BRF:8
BRH:0
end_of_record
TN:
SF:src\services\LedgerService.js
FN:12,(anonymous_0)
FN:33,(anonymous_1)
FN:40,(anonymous_2)
FN:45,(anonymous_3)
FN:83,(anonymous_4)
FN:120,(anonymous_5)
FNF:6
FNH:6
FNDA:1,(anonymous_0)
FNDA:2,(anonymous_1)
FNDA:1,(anonymous_2)
FNDA:4,(anonymous_3)
FNDA:2,(anonymous_4)
FNDA:2,(anonymous_5)
DA:13,1
DA:14,1
DA:15,1
DA:16,1
DA:17,1
DA:21,1
DA:22,1
DA:24,0
DA:25,0
DA:26,0
DA:28,1
DA:34,2
DA:35,2
DA:36,1
DA:41,1
DA:46,4
DA:47,3
DA:48,3
DA:49,3
DA:50,3
DA:51,3
DA:52,3
DA:54,3
DA:55,3
DA:56,3
DA:58,2
DA:60,2
DA:65,2
DA:67,2
DA:71,2
DA:72,2
DA:74,1
DA:75,1
DA:76,1
DA:78,3
DA:84,2
DA:85,2
DA:86,2
DA:87,2
DA:88,2
DA:89,2
DA:91,2
DA:92,2
DA:93,2
DA:95,1
DA:97,1
DA:102,1
DA:104,1
DA:108,1
DA:109,1
DA:111,1
DA:112,1
DA:113,1
DA:115,2
DA:121,2
DA:122,2
DA:123,2
DA:124,2
DA:125,2
DA:126,2
DA:127,2
DA:129,1
DA:134,1
DA:136,1
DA:140,1
DA:141,1
DA:143,1
DA:144,1
DA:145,1
DA:147,2
LF:70
LH:67
BRDA:35,0,0,1
BRDA:35,0,1,1
BRDA:40,1,0,0
BRDA:40,2,0,0
BRDA:45,3,0,4
BRDA:45,4,0,4
BRDA:46,5,0,1
BRDA:46,5,1,3
BRDA:47,6,0,3
BRDA:47,6,1,3
BRDA:49,7,0,3
BRDA:49,7,1,0
BRDA:52,8,0,0
BRDA:52,8,1,3
BRDA:56,9,0,1
BRDA:56,9,1,2
BRDA:58,10,0,1
BRDA:58,10,1,1
BRDA:65,11,0,0
BRDA:65,11,1,2
BRDA:71,12,0,2
BRDA:71,12,1,0
BRDA:74,13,0,1
BRDA:74,13,1,0
BRDA:78,14,0,3
BRDA:78,14,1,0
BRDA:84,15,0,0
BRDA:84,15,1,2
BRDA:89,16,0,0
BRDA:89,16,1,2
BRDA:93,17,0,1
BRDA:93,17,1,1
BRDA:95,18,0,0
BRDA:95,18,1,1
BRDA:95,19,0,0
BRDA:95,19,1,1
BRDA:102,20,0,0
BRDA:102,20,1,1
BRDA:125,21,0,0
BRDA:125,21,1,2
BRDA:127,22,0,1
BRDA:127,22,1,1
BRDA:134,23,0,0
BRDA:134,23,1,1
BRF:44
BRH:29
end_of_record
TN:
SF:src\services\MigrationService.js
FN:13,(anonymous_0)
FN:34,(anonymous_1)
FNF:2
FNH:0
FNDA:0,(anonymous_0)
FNDA:0,(anonymous_1)
DA:14,0
DA:15,0
DA:16,0
DA:17,0
DA:18,0
DA:19,0
DA:23,0
DA:25,0
DA:26,0
DA:27,0
DA:29,0
DA:35,0
DA:36,0
DA:37,0
DA:38,0
DA:39,0
DA:40,0
DA:44,0
DA:46,0
DA:47,0
DA:48,0
DA:50,0
LF:22
LH:0
BRDA:14,0,0,0
BRDA:14,0,1,0
BRDA:14,1,0,0
BRDA:14,1,1,0
BRDA:35,2,0,0
BRDA:35,2,1,0
BRDA:35,3,0,0
BRDA:35,3,1,0
BRF:8
BRH:0
end_of_record
TN:
SF:src\services\ParentService.js
FN:14,(anonymous_0)
FN:35,(anonymous_1)
FN:56,(anonymous_2)
FN:63,(anonymous_3)
FN:68,(anonymous_4)
FN:100,(anonymous_5)
FNF:6
FNH:5
FNDA:8,(anonymous_0)
FNDA:1,(anonymous_1)
FNDA:2,(anonymous_2)
FNDA:1,(anonymous_3)
FNDA:0,(anonymous_4)
FNDA:3,(anonymous_5)
DA:15,8
DA:16,8
DA:17,8
DA:18,8
DA:19,8
DA:23,8
DA:24,8
DA:26,0
DA:27,0
DA:28,0
DA:30,8
DA:36,1
DA:37,1
DA:38,1
DA:39,1
DA:40,1
DA:44,1
DA:45,1
DA:47,0
DA:48,0
DA:49,0
DA:51,1
DA:57,2
DA:58,2
DA:59,1
DA:64,1
DA:69,0
DA:70,0
DA:71,0
DA:72,0
DA:73,0
DA:74,0
DA:76,0
DA:77,0
DA:78,0
DA:79,0
DA:80,0
DA:83,0
DA:85,0
DA:92,0
DA:101,3
DA:102,3
DA:104,3
DA:105,3
DA:106,2
DA:108,1
DA:109,1
DA:110,1
DA:111,1
DA:116,1
DA:120,1
DA:121,1
DA:123,0
DA:124,0
DA:125,0
DA:127,1
LF:56
LH:33
BRDA:58,0,0,1
BRDA:58,0,1,1
BRDA:63,1,0,1
BRDA:63,2,0,1
BRDA:70,3,0,0
BRDA:70,3,1,0
BRDA:72,4,0,0
BRDA:72,4,1,0
BRDA:73,5,0,0
BRDA:73,5,1,0
BRDA:76,6,0,0
BRDA:76,6,1,0
BRDA:78,7,0,0
BRDA:78,7,1,0
BRDA:79,8,0,0
BRDA:79,8,1,0
BRDA:83,9,0,0
BRDA:83,9,1,0
BRDA:100,10,0,3
BRDA:102,11,0,0
BRDA:102,11,1,3
BRDA:105,12,0,1
BRDA:105,12,1,2
BRDA:106,13,0,1
BRDA:106,13,1,1
BRF:25
BRH:10
end_of_record
TN:
SF:src\services\PaymentService.js
FN:14,(anonymous_0)
FN:56,(anonymous_1)
FN:119,(anonymous_2)
FN:126,(anonymous_3)
FNF:4
FNH:4
FNDA:6,(anonymous_0)
FNDA:4,(anonymous_1)
FNDA:2,(anonymous_2)
FNDA:1,(anonymous_3)
DA:15,6
DA:16,5
DA:17,5
DA:18,5
DA:20,5
DA:21,5
DA:23,5
DA:24,5
DA:25,5
DA:26,5
DA:28,4
DA:30,4
DA:33,4
DA:38,4
DA:40,4
DA:44,4
DA:45,4
DA:47,1
DA:48,1
DA:49,1
DA:51,5
DA:57,4
DA:58,4
DA:59,4
DA:60,4
DA:61,4
DA:62,3
DA:65,2
DA:71,2
DA:74,2
DA:75,2
DA:77,2
DA:78,2
DA:80,2
DA:81,2
DA:83,2
DA:84,2
DA:87,2
DA:96,2
DA:101,2
DA:103,2
DA:107,2
DA:108,2
DA:110,2
DA:111,2
DA:112,2
DA:114,4
DA:120,2
DA:121,2
DA:122,1
DA:127,1
LF:51
LH:51
BRDA:14,0,0,6
BRDA:14,1,0,6
BRDA:14,2,0,6
BRDA:15,3,0,1
BRDA:15,3,1,5
BRDA:21,4,0,0
BRDA:21,4,1,5
BRDA:26,5,0,1
BRDA:26,5,1,4
BRDA:28,6,0,0
BRDA:28,6,1,4
BRDA:38,7,0,0
BRDA:38,7,1,4
BRDA:56,8,0,4
BRDA:61,9,0,1
BRDA:61,9,1,3
BRDA:62,10,0,1
BRDA:62,10,1,2
BRDA:71,11,0,0
BRDA:71,11,1,2
BRDA:75,12,0,0
BRDA:75,12,1,2
BRDA:78,13,0,0
BRDA:78,13,1,2
BRDA:80,14,0,2
BRDA:80,14,1,2
BRDA:84,15,0,0
BRDA:84,15,1,2
BRDA:84,16,0,0
BRDA:84,16,1,2
BRDA:101,17,0,0
BRDA:101,17,1,2
BRDA:121,18,0,1
BRDA:121,18,1,1
BRDA:126,19,0,0
BRDA:126,20,0,0
BRF:36
BRH:25
end_of_record
TN:
SF:src\services\StudentService.js
FN:21,(anonymous_0)
FN:53,(anonymous_1)
FN:88,(anonymous_2)
FN:98,(anonymous_3)
FN:108,(anonymous_4)
FN:118,(anonymous_5)
FN:128,(anonymous_6)
FN:131,(anonymous_7)
FN:146,(anonymous_8)
FN:158,(anonymous_9)
FN:164,(anonymous_10)
FN:208,(anonymous_11)
FN:228,(anonymous_12)
FN:238,(anonymous_13)
FN:262,(anonymous_14)
FN:288,(anonymous_15)
FN:314,(anonymous_16)
FN:483,(anonymous_17)
FN:517,(anonymous_18)
FN:553,(anonymous_19)
FN:567,(anonymous_20)
FN:576,(anonymous_21)
FN:620,(anonymous_22)
FN:652,(anonymous_23)
FN:660,(anonymous_24)
FN:665,(anonymous_25)
FN:674,(anonymous_26)
FN:705,(anonymous_27)
FN:739,(anonymous_28)
FN:784,(anonymous_29)
FN:784,(anonymous_30)
FN:802,(anonymous_31)
FN:825,(anonymous_32)
FN:826,(anonymous_33)
FN:1001,(anonymous_34)
FN:1014,(anonymous_35)
FN:1066,(anonymous_36)
FN:1106,(anonymous_37)
FNF:38
FNH:20
FNDA:9,(anonymous_0)
FNDA:0,(anonymous_1)
FNDA:0,(anonymous_2)
FNDA:0,(anonymous_3)
FNDA:0,(anonymous_4)
FNDA:6,(anonymous_5)
FNDA:6,(anonymous_6)
FNDA:6,(anonymous_7)
FNDA:2,(anonymous_8)
FNDA:2,(anonymous_9)
FNDA:1,(anonymous_10)
FNDA:10,(anonymous_11)
FNDA:10,(anonymous_12)
FNDA:10,(anonymous_13)
FNDA:154,(anonymous_14)
FNDA:78,(anonymous_15)
FNDA:10,(anonymous_16)
FNDA:3,(anonymous_17)
FNDA:0,(anonymous_18)
FNDA:36,(anonymous_19)
FNDA:24,(anonymous_20)
FNDA:78,(anonymous_21)
FNDA:78,(anonymous_22)
FNDA:1,(anonymous_23)
FNDA:1,(anonymous_24)
FNDA:0,(anonymous_25)
FNDA:0,(anonymous_26)
FNDA:0,(anonymous_27)
FNDA:0,(anonymous_28)
FNDA:0,(anonymous_29)
FNDA:0,(anonymous_30)
FNDA:0,(anonymous_31)
FNDA:0,(anonymous_32)
FNDA:0,(anonymous_33)
FNDA:0,(anonymous_34)
FNDA:0,(anonymous_35)
FNDA:0,(anonymous_36)
FNDA:0,(anonymous_37)
DA:22,9
DA:23,9
DA:24,9
DA:25,9
DA:26,9
DA:28,0
DA:29,0
DA:30,0
DA:32,0
DA:33,0
DA:36,0
DA:37,0
DA:38,0
DA:44,0
DA:45,0
DA:46,0
DA:47,0
DA:48,0
DA:50,0
DA:53,0
DA:55,0
DA:58,9
DA:59,9
DA:60,9
DA:61,9
DA:62,9
DA:65,9
DA:72,9
DA:74,9
DA:75,9
DA:81,9
DA:82,9
DA:83,0
DA:88,0
DA:91,9
DA:92,9
DA:93,0
DA:98,0
DA:101,9
DA:102,9
DA:103,0
DA:108,0
DA:111,9
DA:112,9
DA:113,6
DA:118,6
DA:121,9
DA:122,9
DA:123,6
DA:128,6
DA:131,9
DA:132,6
DA:133,6
DA:137,9
DA:138,9
DA:141,9
DA:142,1
DA:143,1
DA:144,1
DA:145,2
DA:146,2
DA:147,2
DA:148,1
DA:150,1
DA:153,1
DA:156,9
DA:157,9
DA:158,1
DA:159,2
DA:162,9
DA:164,9
DA:165,9
DA:168,9
DA:176,9
DA:177,9
DA:178,9
DA:179,9
DA:180,9
DA:185,9
DA:188,9
DA:189,9
DA:192,9
DA:193,9
DA:194,1
DA:199,1
DA:200,0
DA:202,1
DA:205,9
DA:206,9
DA:208,9
DA:209,10
DA:210,10
DA:211,10
DA:212,10
DA:228,9
DA:229,10
DA:230,10
DA:231,10
DA:232,10
DA:238,9
DA:239,10
DA:240,10
DA:241,9
DA:243,1
DA:244,0
DA:246,1
DA:247,0
DA:249,1
DA:250,1
DA:251,5
DA:252,1
DA:255,0
DA:258,9
DA:259,10
DA:260,10
DA:262,10
DA:263,154
DA:264,154
DA:265,154
DA:266,154
DA:268,154
DA:269,0
DA:270,0
DA:271,0
DA:273,154
DA:274,154
DA:275,14
DA:276,14
DA:277,14
DA:278,140
DA:279,124
DA:280,124
DA:281,124
DA:284,16
DA:285,16
DA:286,12
DA:287,12
DA:288,78
DA:289,12
DA:290,4
DA:291,2
DA:293,2
DA:296,16
DA:297,7
DA:298,7
DA:299,7
DA:301,9
DA:302,9
DA:303,9
DA:307,154
DA:310,10
DA:311,10
DA:313,10
DA:314,10
DA:315,10
DA:316,10
DA:319,10
DA:320,120
DA:321,120
DA:348,10
DA:349,1
DA:350,12
DA:351,12
DA:379,10
DA:380,10
DA:381,20
DA:382,20
DA:409,10
DA:410,1
DA:411,1
DA:412,1
DA:413,1
DA:415,1
DA:416,1
DA:441,1
DA:442,1
DA:469,9
DA:471,9
DA:472,9
DA:474,0
DA:475,0
DA:476,0
DA:478,9
DA:484,3
DA:485,3
DA:486,2
DA:487,2
DA:488,0
DA:492,3
DA:493,3
DA:494,3
DA:495,3
DA:496,3
DA:498,3
DA:499,3
DA:500,3
DA:502,3
DA:505,3
DA:506,3
DA:509,3
DA:510,3
DA:511,3
DA:512,0
DA:517,0
DA:520,3
DA:521,3
DA:523,3
DA:524,1
DA:525,1
DA:526,0
DA:528,1
DA:530,3
DA:531,2
DA:532,2
DA:533,0
DA:535,2
DA:538,3
DA:553,36
DA:554,3
DA:555,3
DA:557,3
DA:558,1
DA:561,3
DA:567,24
DA:568,3
DA:570,3
DA:571,29
DA:573,29
DA:574,17
DA:576,78
DA:577,12
DA:578,12
DA:579,12
DA:580,12
DA:581,12
DA:582,0
DA:583,12
DA:584,0
DA:586,12
DA:588,12
DA:592,5
DA:619,12
DA:620,78
DA:621,12
DA:622,12
DA:623,12
DA:624,12
DA:630,3
DA:631,1
DA:633,3
DA:636,3
DA:640,3
DA:641,3
DA:643,0
DA:644,0
DA:645,0
DA:647,3
DA:653,1
DA:654,1
DA:655,1
DA:661,1
DA:666,0
DA:667,0
DA:668,0
DA:669,0
DA:670,0
DA:673,0
DA:674,0
DA:677,0
DA:678,0
DA:682,0
DA:685,0
DA:688,0
DA:693,0
DA:694,0
DA:696,0
DA:697,0
DA:698,0
DA:700,0
DA:706,0
DA:707,0
DA:708,0
DA:709,0
DA:710,0
DA:712,0
DA:713,0
DA:714,0
DA:719,0
DA:721,0
DA:727,0
DA:728,0
DA:730,0
DA:731,0
DA:732,0
DA:734,0
DA:740,0
DA:741,0
DA:742,0
DA:743,0
DA:744,0
DA:746,0
DA:748,0
DA:749,0
DA:752,0
DA:753,0
DA:754,0
DA:755,0
DA:756,0
DA:759,0
DA:764,0
DA:766,0
DA:769,0
DA:770,0
DA:772,0
DA:773,0
DA:774,0
DA:779,0
DA:783,0
DA:784,0
DA:786,0
DA:801,0
DA:802,0
DA:803,0
DA:804,0
DA:806,0
DA:810,0
DA:812,0
DA:821,0
DA:822,0
DA:823,0
DA:825,0
DA:826,0
DA:827,0
DA:828,0
DA:829,0
DA:830,0
DA:831,0
DA:832,0
DA:833,0
DA:834,0
DA:835,0
DA:837,0
DA:839,0
DA:840,0
DA:846,0
DA:847,0
DA:848,0
DA:849,0
DA:867,0
DA:873,0
DA:874,0
DA:875,0
DA:876,0
DA:894,0
DA:900,0
DA:901,0
DA:902,0
DA:903,0
DA:921,0
DA:927,0
DA:929,0
DA:930,0
DA:947,0
DA:948,0
DA:949,0
DA:952,0
DA:953,0
DA:970,0
DA:971,0
DA:972,0
DA:976,0
DA:977,0
DA:978,0
DA:981,0
DA:986,0
DA:987,0
DA:989,0
DA:990,0
DA:991,0
DA:993,0
DA:1002,0
DA:1003,0
DA:1004,0
DA:1005,0
DA:1006,0
DA:1008,0
DA:1009,0
DA:1010,0
DA:1014,0
DA:1017,0
DA:1018,0
DA:1020,0
DA:1045,0
DA:1047,0
DA:1054,0
DA:1055,0
DA:1057,0
DA:1058,0
DA:1059,0
DA:1061,0
DA:1067,0
DA:1068,0
DA:1071,0
DA:1072,0
DA:1073,0
DA:1075,0
DA:1076,0
DA:1077,0
DA:1079,0
DA:1080,0
DA:1081,0
DA:1083,0
DA:1084,0
DA:1086,0
DA:1087,0
DA:1089,0
DA:1090,0
DA:1093,0
DA:1094,0
DA:1095,0
DA:1097,0
DA:1098,0
DA:1099,0
DA:1100,0
DA:1103,0
DA:1106,0
DA:1107,0
DA:1108,0
DA:1109,0
DA:1110,0
DA:1112,0
DA:1113,0
DA:1116,0
DA:1117,0
DA:1119,0
DA:1120,0
DA:1121,0
DA:1122,0
DA:1124,0
DA:1125,0
DA:1128,0
DA:1131,0
DA:1132,0
DA:1133,0
DA:1134,0
DA:1136,0
DA:1137,0
DA:1141,0
DA:1143,0
DA:1150,0
DA:1152,0
DA:1153,0
DA:1154,0
DA:1155,0
DA:1157,0
DA:1160,0
DA:1166,0
DA:1170,0
LF:458
LH:219
BRDA:21,0,0,9
BRDA:26,1,0,0
BRDA:26,1,1,9
BRDA:26,2,0,9
BRDA:26,2,1,0
BRDA:29,3,0,0
BRDA:29,3,1,0
BRDA:32,4,0,0
BRDA:32,4,1,0
BRDA:37,5,0,0
BRDA:37,5,1,0
BRDA:39,6,0,0
BRDA:39,6,1,0
BRDA:44,7,0,0
BRDA:44,7,1,0
BRDA:46,8,0,0
BRDA:46,8,1,0
BRDA:47,9,0,0
BRDA:47,9,1,0
BRDA:59,10,0,9
BRDA:59,10,1,0
BRDA:82,11,0,0
BRDA:82,11,1,9
BRDA:92,12,0,0
BRDA:92,12,1,9
BRDA:102,13,0,0
BRDA:102,13,1,9
BRDA:112,14,0,6
BRDA:112,14,1,3
BRDA:122,15,0,6
BRDA:122,15,1,3
BRDA:133,16,0,6
BRDA:133,16,1,0
BRDA:138,17,0,9
BRDA:138,17,1,0
BRDA:141,18,0,1
BRDA:141,18,1,8
BRDA:141,19,0,9
BRDA:141,19,1,1
BRDA:147,20,0,1
BRDA:147,20,1,1
BRDA:157,21,0,1
BRDA:157,21,1,8
BRDA:157,22,0,9
BRDA:157,22,1,1
BRDA:176,23,0,9
BRDA:176,23,1,8
BRDA:177,24,0,9
BRDA:177,24,1,8
BRDA:178,25,0,9
BRDA:178,25,1,8
BRDA:179,26,0,9
BRDA:179,26,1,0
BRDA:180,27,0,1
BRDA:180,27,1,8
BRDA:185,28,0,1
BRDA:185,28,1,8
BRDA:185,29,0,9
BRDA:185,29,1,1
BRDA:188,30,0,9
BRDA:188,30,1,8
BRDA:189,31,0,9
BRDA:189,31,1,8
BRDA:193,32,0,1
BRDA:193,32,1,8
BRDA:193,33,0,9
BRDA:193,33,1,9
BRDA:199,34,0,0
BRDA:199,34,1,1
BRDA:205,35,0,9
BRDA:205,35,1,9
BRDA:210,36,0,10
BRDA:210,36,1,0
BRDA:230,37,0,10
BRDA:230,37,1,0
BRDA:239,38,0,2
BRDA:239,38,1,8
BRDA:240,39,0,9
BRDA:240,39,1,1
BRDA:240,40,0,10
BRDA:240,40,1,2
BRDA:240,40,2,1
BRDA:243,41,0,0
BRDA:243,41,1,1
BRDA:243,42,0,1
BRDA:243,42,1,1
BRDA:246,43,0,0
BRDA:246,43,1,1
BRDA:246,44,0,1
BRDA:246,44,1,1
BRDA:251,45,0,1
BRDA:251,45,1,4
BRDA:259,46,0,2
BRDA:259,46,1,8
BRDA:268,47,0,0
BRDA:268,47,1,154
BRDA:268,48,0,154
BRDA:268,48,1,0
BRDA:268,48,2,0
BRDA:273,49,0,30
BRDA:273,49,1,124
BRDA:274,50,0,14
BRDA:274,50,1,140
BRDA:274,51,0,154
BRDA:274,51,1,140
BRDA:278,52,0,124
BRDA:278,52,1,16
BRDA:285,53,0,12
BRDA:285,53,1,4
BRDA:285,54,0,16
BRDA:285,54,1,4
BRDA:289,55,0,0
BRDA:289,55,1,12
BRDA:290,56,0,2
BRDA:290,56,1,2
BRDA:291,57,0,1
BRDA:291,57,1,1
BRDA:296,58,0,7
BRDA:296,58,1,9
BRDA:313,59,0,10
BRDA:313,59,1,0
BRDA:315,60,0,10
BRDA:315,60,1,0
BRDA:335,61,0,120
BRDA:335,61,1,0
BRDA:341,62,0,120
BRDA:341,62,1,0
BRDA:348,63,0,1
BRDA:348,63,1,9
BRDA:348,64,0,10
BRDA:348,64,1,10
BRDA:365,65,0,12
BRDA:365,65,1,0
BRDA:379,66,0,0
BRDA:379,66,1,10
BRDA:396,67,0,20
BRDA:396,67,1,0
BRDA:402,68,0,20
BRDA:402,68,1,0
BRDA:409,69,0,1
BRDA:409,69,1,9
BRDA:409,70,0,10
BRDA:409,70,1,2
BRDA:411,71,0,1
BRDA:411,71,1,0
BRDA:430,72,0,1
BRDA:430,72,1,0
BRDA:436,73,0,1
BRDA:436,73,1,0
BRDA:456,74,0,1
BRDA:456,74,1,0
BRDA:462,75,0,1
BRDA:462,75,1,0
BRDA:483,76,0,3
BRDA:485,77,0,2
BRDA:485,77,1,1
BRDA:485,78,0,3
BRDA:485,78,1,3
BRDA:487,79,0,0
BRDA:487,79,1,2
BRDA:496,80,0,0
BRDA:496,80,1,3
BRDA:506,81,0,3
BRDA:506,81,1,0
BRDA:509,82,0,3
BRDA:509,82,1,0
BRDA:509,83,0,3
BRDA:509,83,1,3
BRDA:511,84,0,0
BRDA:511,84,1,3
BRDA:523,85,0,1
BRDA:523,85,1,2
BRDA:525,86,0,0
BRDA:525,86,1,1
BRDA:530,87,0,2
BRDA:530,87,1,1
BRDA:532,88,0,0
BRDA:532,88,1,2
BRDA:554,89,0,3
BRDA:554,89,1,0
BRDA:557,90,0,1
BRDA:557,90,1,2
BRDA:557,91,0,3
BRDA:557,91,1,2
BRDA:557,91,2,2
BRDA:573,92,0,17
BRDA:573,92,1,12
BRDA:574,93,0,12
BRDA:574,93,1,5
BRDA:577,94,0,12
BRDA:577,94,1,0
BRDA:577,95,0,12
BRDA:577,95,1,12
BRDA:578,96,0,12
BRDA:578,96,1,12
BRDA:580,97,0,12
BRDA:580,97,1,12
BRDA:581,98,0,0
BRDA:581,98,1,12
BRDA:583,99,0,0
BRDA:583,99,1,12
BRDA:606,100,0,5
BRDA:606,100,1,0
BRDA:619,101,0,12
BRDA:619,101,1,0
BRDA:621,102,0,12
BRDA:621,102,1,0
BRDA:621,103,0,12
BRDA:621,103,1,12
BRDA:630,104,0,1
BRDA:630,104,1,2
BRDA:654,105,0,0
BRDA:654,105,1,1
BRDA:660,106,0,0
BRDA:660,107,0,0
BRDA:670,108,0,0
BRDA:670,108,1,0
BRDA:677,109,0,0
BRDA:677,109,1,0
BRDA:710,110,0,0
BRDA:710,110,1,0
BRDA:744,111,0,0
BRDA:744,111,1,0
BRDA:746,112,0,0
BRDA:746,112,1,0
BRDA:749,113,0,0
BRDA:749,113,1,0
BRDA:764,114,0,0
BRDA:764,114,1,0
BRDA:764,115,0,0
BRDA:764,115,1,0
BRDA:764,116,0,0
BRDA:764,116,1,0
BRDA:766,117,0,0
BRDA:766,117,1,0
BRDA:766,118,0,0
BRDA:766,118,1,0
BRDA:769,119,0,0
BRDA:769,119,1,0
BRDA:770,120,0,0
BRDA:770,120,1,0
BRDA:773,121,0,0
BRDA:773,121,1,0
BRDA:773,122,0,0
BRDA:773,122,1,0
BRDA:779,123,0,0
BRDA:779,123,1,0
BRDA:784,124,0,0
BRDA:784,124,1,0
BRDA:801,125,0,0
BRDA:801,125,1,0
BRDA:803,126,0,0
BRDA:803,126,1,0
BRDA:810,127,0,0
BRDA:810,127,1,0
BRDA:817,128,0,0
BRDA:817,128,1,0
BRDA:826,129,0,0
BRDA:826,129,1,0
BRDA:827,130,0,0
BRDA:827,130,1,0
BRDA:827,131,0,0
BRDA:827,131,1,0
BRDA:827,131,2,0
BRDA:828,132,0,0
BRDA:828,132,1,0
BRDA:829,133,0,0
BRDA:829,133,1,0
BRDA:831,134,0,0
BRDA:831,134,1,0
BRDA:832,135,0,0
BRDA:832,135,1,0
BRDA:832,136,0,0
BRDA:832,136,1,0
BRDA:834,137,0,0
BRDA:834,137,1,0
BRDA:846,138,0,0
BRDA:846,138,1,0
BRDA:848,139,0,0
BRDA:848,139,1,0
BRDA:855,140,0,0
BRDA:855,140,1,0
BRDA:856,141,0,0
BRDA:856,141,1,0
BRDA:858,142,0,0
BRDA:858,142,1,0
BRDA:863,143,0,0
BRDA:863,143,1,0
BRDA:873,144,0,0
BRDA:873,144,1,0
BRDA:873,145,0,0
BRDA:873,145,1,0
BRDA:873,145,2,0
BRDA:875,146,0,0
BRDA:875,146,1,0
BRDA:890,147,0,0
BRDA:890,147,1,0
BRDA:900,148,0,0
BRDA:900,148,1,0
BRDA:902,149,0,0
BRDA:902,149,1,0
BRDA:909,150,0,0
BRDA:909,150,1,0
BRDA:910,151,0,0
BRDA:910,151,1,0
BRDA:912,152,0,0
BRDA:912,152,1,0
BRDA:917,153,0,0
BRDA:917,153,1,0
BRDA:927,154,0,0
BRDA:927,154,1,0
BRDA:929,155,0,0
BRDA:929,155,1,0
BRDA:929,156,0,0
BRDA:929,156,1,0
BRDA:929,156,2,0
BRDA:944,157,0,0
BRDA:944,157,1,0
BRDA:947,158,0,0
BRDA:947,158,1,0
BRDA:952,159,0,0
BRDA:952,159,1,0
BRDA:952,160,0,0
BRDA:952,160,1,0
BRDA:952,160,2,0
BRDA:967,161,0,0
BRDA:967,161,1,0
BRDA:970,162,0,0
BRDA:970,162,1,0
BRDA:976,163,0,0
BRDA:976,163,1,0
BRDA:1006,164,0,0
BRDA:1006,164,1,0
BRDA:1009,165,0,0
BRDA:1009,165,1,0
BRDA:1018,166,0,0
BRDA:1018,166,1,0
BRDA:1034,167,0,0
BRDA:1034,167,1,0
BRDA:1067,168,0,0
BRDA:1067,168,1,0
BRDA:1080,169,0,0
BRDA:1080,169,1,0
BRDA:1080,170,0,0
BRDA:1080,170,1,0
BRDA:1080,170,2,0
BRDA:1083,171,0,0
BRDA:1083,171,1,0
BRDA:1083,172,0,0
BRDA:1083,172,1,0
BRDA:1084,173,0,0
BRDA:1084,173,1,0
BRDA:1086,174,0,0
BRDA:1086,174,1,0
BRDA:1089,175,0,0
BRDA:1089,175,1,0
BRDA:1097,176,0,0
BRDA:1097,176,1,0
BRDA:1099,177,0,0
BRDA:1099,177,1,0
BRDA:1107,178,0,0
BRDA:1107,178,1,0
BRDA:1108,179,0,0
BRDA:1108,179,1,0
BRDA:1110,180,0,0
BRDA:1110,180,1,0
BRDA:1110,180,2,0
BRDA:1112,181,0,0
BRDA:1112,181,1,0
BRDA:1119,182,0,0
BRDA:1119,182,1,0
BRDA:1121,183,0,0
BRDA:1121,183,1,0
BRDA:1124,184,0,0
BRDA:1124,184,1,0
BRDA:1131,185,0,0
BRDA:1131,185,1,0
BRDA:1133,186,0,0
BRDA:1133,186,1,0
BRDA:1136,187,0,0
BRDA:1136,187,1,0
BRDA:1153,188,0,0
BRDA:1153,188,1,0
BRDA:1154,189,0,0
BRDA:1154,189,1,0
BRDA:1154,190,0,0
BRDA:1154,190,1,0
BRDA:1162,191,0,0
BRDA:1162,191,1,0
BRF:389
BRH:153
end_of_record
TN:
SF:src\services\UserService.js
FN:12,(anonymous_0)
FN:35,(anonymous_1)
FN:42,(anonymous_2)
FN:63,(anonymous_3)
FN:84,(anonymous_4)
FNF:5
FNH:0
FNDA:0,(anonymous_0)
FNDA:0,(anonymous_1)
FNDA:0,(anonymous_2)
FNDA:0,(anonymous_3)
FNDA:0,(anonymous_4)
DA:14,0
DA:16,0
DA:17,0
DA:19,0
DA:20,0
DA:22,0
DA:28,0
DA:29,0
DA:36,0
DA:43,0
DA:44,0
DA:45,0
DA:47,0
DA:48,0
DA:50,0
DA:56,0
DA:57,0
DA:64,0
DA:65,0
DA:66,0
DA:68,0
DA:69,0
DA:71,0
DA:77,0
DA:78,0
DA:85,0
DA:86,0
DA:87,0
DA:89,0
DA:91,0
DA:92,0
DA:98,0
DA:101,0
DA:102,0
LF:34
LH:0
BRDA:12,0,0,0
BRDA:14,1,0,0
BRDA:14,1,1,0
BRDA:17,2,0,0
BRDA:17,2,1,0
BRDA:44,3,0,0
BRDA:44,3,1,0
BRDA:45,4,0,0
BRDA:45,4,1,0
BRDA:52,5,0,0
BRDA:52,5,1,0
BRDA:65,6,0,0
BRDA:65,6,1,0
BRDA:66,7,0,0
BRDA:66,7,1,0
BRDA:86,8,0,0
BRDA:86,8,1,0
BRDA:87,9,0,0
BRDA:87,9,1,0
BRF:19
BRH:0
end_of_record
TN:
SF:src\tests\helpers\dbHelper.js
FN:8,connect
FN:14,disconnect
FN:20,clearCollections
FNF:3
FNH:3
FNDA:14,connect
FNDA:14,disconnect
FNDA:37,clearCollections
DA:9,14
DA:10,14
DA:11,14
DA:15,14
DA:16,14
DA:17,14
DA:21,37
DA:22,37
DA:23,122
LF:9
LH:9
BRF:0
BRH:0
end_of_record
TN:
SF:src\tests\helpers\replicaHelper.js
FN:18,connectReplica
FN:26,(anonymous_1)
FN:33,(anonymous_2)
FN:37,disconnectReplica
FN:43,clearCollections
FNF:5
FNH:5
FNDA:5,connectReplica
FNDA:38,(anonymous_1)
FNDA:38,(anonymous_2)
FNDA:5,disconnectReplica
FNDA:34,clearCollections
DA:19,5
DA:20,5
DA:21,5
DA:25,5
DA:26,38
DA:32,5
DA:33,38
DA:38,5
DA:39,5
DA:40,5
DA:44,34
DA:45,34
DA:46,236
LF:13
LH:13
BRF:0
BRH:0
end_of_record
TN:
SF:src\utils\AppError.js
FN:7,(anonymous_0)
FNF:1
FNH:1
FNDA:30,(anonymous_0)
DA:8,30
DA:9,30
DA:10,30
DA:11,30
LF:4
LH:4
BRDA:7,0,0,30
BRF:1
BRH:1
end_of_record
TN:
SF:src\utils\catchAsync.js
FN:3,(anonymous_0)
FN:3,(anonymous_1)
FNF:2
FNH:2
FNDA:550,(anonymous_0)
FNDA:31,(anonymous_1)
DA:3,550
DA:4,31
LF:2
LH:2
BRF:0
BRH:0
end_of_record
TN:
SF:src\utils\response.js
FN:9,(anonymous_0)
FNF:1
FNH:1
FNDA:26,(anonymous_0)
DA:9,10
DA:10,26
DA:14,26
DA:15,26
LF:4
LH:4
BRDA:11,0,0,26
BRDA:11,0,1,26
BRDA:14,1,0,2
BRDA:14,1,1,24
BRF:4
BRH:4
end_of_record
TN:
SF:src\validations\auth.schema.js
FNF:0
FNH:0
DA:4,9
DA:11,9
DA:18,9
DA:25,9
DA:32,9
LF:5
LH:5
BRF:0
BRH:0
end_of_record
TN:
SF:src\validations\fee-structure.schema.js
FNF:0
FNH:0
DA:3,9
DA:17,9
DA:25,9
DA:40,9
LF:4
LH:4
BRF:0
BRH:0
end_of_record
TN:
SF:src\validations\ledger.schema.js
FNF:0
FNH:0
DA:4,9
DA:13,9
DA:30,9
DA:38,9
DA:46,9
LF:5
LH:5
BRF:0
BRH:0
end_of_record
TN:
SF:src\validations\parent.schema.js
FN:44,(anonymous_0)
FNF:1
FNH:0
FNDA:0,(anonymous_0)
DA:4,9
DA:6,9
DA:16,9
DA:26,9
DA:33,9
DA:40,9
DA:44,0
LF:7
LH:6
BRDA:44,0,0,0
BRDA:44,0,1,0
BRF:2
BRH:0
end_of_record
TN:
SF:src\validations\payment.schema.js
FNF:0
FNH:0
DA:4,9
DA:14,9
DA:21,9
LF:3
LH:3
BRF:0
BRH:0
end_of_record
TN:
SF:src\validations\student.schema.js
FNF:0
FNH:0
DA:4,9
DA:22,9
DA:38,9
DA:50,9
LF:4
LH:4
BRF:0
BRH:0
end_of_record
